INFO - 2023-04-15 12:49:52 --> Session: Class initialized using 'CodeIgniter\Session\Handlers\FileHandler' driver.
CRITICAL - 2023-04-15 12:50:04 --> Undefined variable $poster
in APPPATH\Views\postes\viewPosting.php on line 17.
 1 APPPATH\Views\postes\viewPosting.php(17): CodeIgniter\Debug\Exceptions->errorHandler(2, 'Undefined variable $poster', 'APPPATH\\Views\\postes\\viewPosting.php', 17)
 2 SYSTEMPATH\View\View.php(213): include('APPPATH\\Views\\postes\\viewPosting.php')
 3 SYSTEMPATH\View\View.php(216): CodeIgniter\View\View->CodeIgniter\View\{closure}()
 4 SYSTEMPATH\Common.php(1184): CodeIgniter\View\View->render('postes/viewposting', [], true)
 5 APPPATH\Controllers\Auth.php(33): view('postes/viewposting', [...])
 6 SYSTEMPATH\CodeIgniter.php(934): App\Controllers\Auth->viewposting()
 7 SYSTEMPATH\CodeIgniter.php(499): CodeIgniter\CodeIgniter->runController(Object(App\Controllers\Auth))
 8 SYSTEMPATH\CodeIgniter.php(368): CodeIgniter\CodeIgniter->handleRequest(null, Object(Config\Cache), false)
 9 FCPATH\index.php(67): CodeIgniter\CodeIgniter->run()
10 SYSTEMPATH\Commands\Server\rewrite.php(47): require_once('FCPATH\\index.php')
CRITICAL - 2023-04-15 12:51:42 --> Undefined variable $poster
in APPPATH\Views\viewPosting.php on line 17.
 1 APPPATH\Views\viewPosting.php(17): CodeIgniter\Debug\Exceptions->errorHandler(2, 'Undefined variable $poster', 'APPPATH\\Views\\viewPosting.php', 17)
 2 SYSTEMPATH\View\View.php(213): include('APPPATH\\Views\\viewPosting.php')
 3 SYSTEMPATH\View\View.php(216): CodeIgniter\View\View->CodeIgniter\View\{closure}()
 4 SYSTEMPATH\Common.php(1184): CodeIgniter\View\View->render('/viewposting', [], true)
 5 APPPATH\Controllers\Auth.php(33): view('/viewposting', [...])
 6 SYSTEMPATH\CodeIgniter.php(934): App\Controllers\Auth->viewposting()
 7 SYSTEMPATH\CodeIgniter.php(499): CodeIgniter\CodeIgniter->runController(Object(App\Controllers\Auth))
 8 SYSTEMPATH\CodeIgniter.php(368): CodeIgniter\CodeIgniter->handleRequest(null, Object(Config\Cache), false)
 9 FCPATH\index.php(67): CodeIgniter\CodeIgniter->run()
10 SYSTEMPATH\Commands\Server\rewrite.php(47): require_once('FCPATH\\index.php')
CRITICAL - 2023-04-15 12:51:44 --> Undefined variable $poster
in APPPATH\Views\viewPosting.php on line 17.
 1 APPPATH\Views\viewPosting.php(17): CodeIgniter\Debug\Exceptions->errorHandler(2, 'Undefined variable $poster', 'APPPATH\\Views\\viewPosting.php', 17)
 2 SYSTEMPATH\View\View.php(213): include('APPPATH\\Views\\viewPosting.php')
 3 SYSTEMPATH\View\View.php(216): CodeIgniter\View\View->CodeIgniter\View\{closure}()
 4 SYSTEMPATH\Common.php(1184): CodeIgniter\View\View->render('/viewposting', [], true)
 5 APPPATH\Controllers\Auth.php(33): view('/viewposting', [...])
 6 SYSTEMPATH\CodeIgniter.php(934): App\Controllers\Auth->viewposting()
 7 SYSTEMPATH\CodeIgniter.php(499): CodeIgniter\CodeIgniter->runController(Object(App\Controllers\Auth))
 8 SYSTEMPATH\CodeIgniter.php(368): CodeIgniter\CodeIgniter->handleRequest(null, Object(Config\Cache), false)
 9 FCPATH\index.php(67): CodeIgniter\CodeIgniter->run()
10 SYSTEMPATH\Commands\Server\rewrite.php(47): require_once('FCPATH\\index.php')
CRITICAL - 2023-04-15 12:51:45 --> Undefined variable $poster
in APPPATH\Views\viewPosting.php on line 17.
 1 APPPATH\Views\viewPosting.php(17): CodeIgniter\Debug\Exceptions->errorHandler(2, 'Undefined variable $poster', 'APPPATH\\Views\\viewPosting.php', 17)
 2 SYSTEMPATH\View\View.php(213): include('APPPATH\\Views\\viewPosting.php')
 3 SYSTEMPATH\View\View.php(216): CodeIgniter\View\View->CodeIgniter\View\{closure}()
 4 SYSTEMPATH\Common.php(1184): CodeIgniter\View\View->render('/viewposting', [], true)
 5 APPPATH\Controllers\Auth.php(33): view('/viewposting', [...])
 6 SYSTEMPATH\CodeIgniter.php(934): App\Controllers\Auth->viewposting()
 7 SYSTEMPATH\CodeIgniter.php(499): CodeIgniter\CodeIgniter->runController(Object(App\Controllers\Auth))
 8 SYSTEMPATH\CodeIgniter.php(368): CodeIgniter\CodeIgniter->handleRequest(null, Object(Config\Cache), false)
 9 FCPATH\index.php(67): CodeIgniter\CodeIgniter->run()
10 SYSTEMPATH\Commands\Server\rewrite.php(47): require_once('FCPATH\\index.php')
INFO - 2023-04-15 12:51:46 --> Session: Class initialized using 'CodeIgniter\Session\Handlers\FileHandler' driver.
CRITICAL - 2023-04-15 12:51:48 --> Undefined variable $poster
in APPPATH\Views\viewPosting.php on line 17.
 1 APPPATH\Views\viewPosting.php(17): CodeIgniter\Debug\Exceptions->errorHandler(2, 'Undefined variable $poster', 'APPPATH\\Views\\viewPosting.php', 17)
 2 SYSTEMPATH\View\View.php(213): include('APPPATH\\Views\\viewPosting.php')
 3 SYSTEMPATH\View\View.php(216): CodeIgniter\View\View->CodeIgniter\View\{closure}()
 4 SYSTEMPATH\Common.php(1184): CodeIgniter\View\View->render('/viewposting', [], true)
 5 APPPATH\Controllers\Auth.php(33): view('/viewposting', [...])
 6 SYSTEMPATH\CodeIgniter.php(934): App\Controllers\Auth->viewposting()
 7 SYSTEMPATH\CodeIgniter.php(499): CodeIgniter\CodeIgniter->runController(Object(App\Controllers\Auth))
 8 SYSTEMPATH\CodeIgniter.php(368): CodeIgniter\CodeIgniter->handleRequest(null, Object(Config\Cache), false)
 9 FCPATH\index.php(67): CodeIgniter\CodeIgniter->run()
10 SYSTEMPATH\Commands\Server\rewrite.php(47): require_once('FCPATH\\index.php')
INFO - 2023-04-15 13:52:20 --> Session: Class initialized using 'CodeIgniter\Session\Handlers\FileHandler' driver.
INFO - 2023-04-15 13:52:28 --> Session: Class initialized using 'CodeIgniter\Session\Handlers\FileHandler' driver.
INFO - 2023-04-15 14:15:21 --> Session: Class initialized using 'CodeIgniter\Session\Handlers\FileHandler' driver.
INFO - 2023-04-15 18:21:13 --> Session: Class initialized using 'CodeIgniter\Session\Handlers\FileHandler' driver.
INFO - 2023-04-15 18:31:11 --> Session: Class initialized using 'CodeIgniter\Session\Handlers\FileHandler' driver.
INFO - 2023-04-15 18:31:13 --> Session: Class initialized using 'CodeIgniter\Session\Handlers\FileHandler' driver.
CRITICAL - 2023-04-15 18:31:25 --> Call to a member function getRandomName() on null
in APPPATH\Controllers\Auth.php on line 61.
 1 SYSTEMPATH\CodeIgniter.php(934): App\Controllers\Auth->postingIm()
 2 SYSTEMPATH\CodeIgniter.php(499): CodeIgniter\CodeIgniter->runController(Object(App\Controllers\Auth))
 3 SYSTEMPATH\CodeIgniter.php(368): CodeIgniter\CodeIgniter->handleRequest(null, Object(Config\Cache), false)
 4 FCPATH\index.php(67): CodeIgniter\CodeIgniter->run()
 5 SYSTEMPATH\Commands\Server\rewrite.php(47): require_once('FCPATH\\index.php')
CRITICAL - 2023-04-15 18:39:50 --> Call to a member function getRandomName() on null
in APPPATH\Controllers\Auth.php on line 61.
 1 SYSTEMPATH\CodeIgniter.php(934): App\Controllers\Auth->postingIm()
 2 SYSTEMPATH\CodeIgniter.php(499): CodeIgniter\CodeIgniter->runController(Object(App\Controllers\Auth))
 3 SYSTEMPATH\CodeIgniter.php(368): CodeIgniter\CodeIgniter->handleRequest(null, Object(Config\Cache), false)
 4 FCPATH\index.php(67): CodeIgniter\CodeIgniter->run()
 5 SYSTEMPATH\Commands\Server\rewrite.php(47): require_once('FCPATH\\index.php')
INFO - 2023-04-15 18:39:52 --> Session: Class initialized using 'CodeIgniter\Session\Handlers\FileHandler' driver.
CRITICAL - 2023-04-15 18:39:55 --> Call to a member function getRandomName() on null
in APPPATH\Controllers\Auth.php on line 61.
 1 SYSTEMPATH\CodeIgniter.php(934): App\Controllers\Auth->postingIm()
 2 SYSTEMPATH\CodeIgniter.php(499): CodeIgniter\CodeIgniter->runController(Object(App\Controllers\Auth))
 3 SYSTEMPATH\CodeIgniter.php(368): CodeIgniter\CodeIgniter->handleRequest(null, Object(Config\Cache), false)
 4 FCPATH\index.php(67): CodeIgniter\CodeIgniter->run()
 5 SYSTEMPATH\Commands\Server\rewrite.php(47): require_once('FCPATH\\index.php')
CRITICAL - 2023-04-15 18:41:09 --> Call to a member function isValid() on null
in APPPATH\Controllers\Auth.php on line 60.
 1 SYSTEMPATH\CodeIgniter.php(934): App\Controllers\Auth->postingIm()
 2 SYSTEMPATH\CodeIgniter.php(499): CodeIgniter\CodeIgniter->runController(Object(App\Controllers\Auth))
 3 SYSTEMPATH\CodeIgniter.php(368): CodeIgniter\CodeIgniter->handleRequest(null, Object(Config\Cache), false)
 4 FCPATH\index.php(67): CodeIgniter\CodeIgniter->run()
 5 SYSTEMPATH\Commands\Server\rewrite.php(47): require_once('FCPATH\\index.php')
INFO - 2023-04-15 18:41:10 --> Session: Class initialized using 'CodeIgniter\Session\Handlers\FileHandler' driver.
INFO - 2023-04-15 18:41:11 --> Session: Class initialized using 'CodeIgniter\Session\Handlers\FileHandler' driver.
CRITICAL - 2023-04-15 18:41:35 --> Call to a member function isValid() on null
in APPPATH\Controllers\Auth.php on line 60.
 1 SYSTEMPATH\CodeIgniter.php(934): App\Controllers\Auth->postingIm()
 2 SYSTEMPATH\CodeIgniter.php(499): CodeIgniter\CodeIgniter->runController(Object(App\Controllers\Auth))
 3 SYSTEMPATH\CodeIgniter.php(368): CodeIgniter\CodeIgniter->handleRequest(null, Object(Config\Cache), false)
 4 FCPATH\index.php(67): CodeIgniter\CodeIgniter->run()
 5 SYSTEMPATH\Commands\Server\rewrite.php(47): require_once('FCPATH\\index.php')
CRITICAL - 2023-04-15 18:42:54 --> Call to a member function isValid() on null
in APPPATH\Controllers\Auth.php on line 60.
 1 SYSTEMPATH\CodeIgniter.php(934): App\Controllers\Auth->postingIm()
 2 SYSTEMPATH\CodeIgniter.php(499): CodeIgniter\CodeIgniter->runController(Object(App\Controllers\Auth))
 3 SYSTEMPATH\CodeIgniter.php(368): CodeIgniter\CodeIgniter->handleRequest(null, Object(Config\Cache), false)
 4 FCPATH\index.php(67): CodeIgniter\CodeIgniter->run()
 5 SYSTEMPATH\Commands\Server\rewrite.php(47): require_once('FCPATH\\index.php')
INFO - 2023-04-15 18:42:55 --> Session: Class initialized using 'CodeIgniter\Session\Handlers\FileHandler' driver.
CRITICAL - 2023-04-15 18:42:57 --> Call to a member function isValid() on null
in APPPATH\Controllers\Auth.php on line 60.
 1 SYSTEMPATH\CodeIgniter.php(934): App\Controllers\Auth->postingIm()
 2 SYSTEMPATH\CodeIgniter.php(499): CodeIgniter\CodeIgniter->runController(Object(App\Controllers\Auth))
 3 SYSTEMPATH\CodeIgniter.php(368): CodeIgniter\CodeIgniter->handleRequest(null, Object(Config\Cache), false)
 4 FCPATH\index.php(67): CodeIgniter\CodeIgniter->run()
 5 SYSTEMPATH\Commands\Server\rewrite.php(47): require_once('FCPATH\\index.php')
INFO - 2023-04-15 18:42:59 --> Session: Class initialized using 'CodeIgniter\Session\Handlers\FileHandler' driver.
INFO - 2023-04-15 18:43:00 --> Session: Class initialized using 'CodeIgniter\Session\Handlers\FileHandler' driver.
INFO - 2023-04-15 18:43:00 --> Session: Class initialized using 'CodeIgniter\Session\Handlers\FileHandler' driver.
INFO - 2023-04-15 18:43:03 --> Session: Class initialized using 'CodeIgniter\Session\Handlers\FileHandler' driver.
CRITICAL - 2023-04-15 18:43:11 --> Call to a member function isValid() on null
in APPPATH\Controllers\Auth.php on line 60.
 1 SYSTEMPATH\CodeIgniter.php(934): App\Controllers\Auth->postingIm()
 2 SYSTEMPATH\CodeIgniter.php(499): CodeIgniter\CodeIgniter->runController(Object(App\Controllers\Auth))
 3 SYSTEMPATH\CodeIgniter.php(368): CodeIgniter\CodeIgniter->handleRequest(null, Object(Config\Cache), false)
 4 FCPATH\index.php(67): CodeIgniter\CodeIgniter->run()
 5 SYSTEMPATH\Commands\Server\rewrite.php(47): require_once('FCPATH\\index.php')
CRITICAL - 2023-04-15 18:54:09 --> Call to a member function isValid() on null
in APPPATH\Controllers\Auth.php on line 60.
 1 SYSTEMPATH\CodeIgniter.php(934): App\Controllers\Auth->postingIm()
 2 SYSTEMPATH\CodeIgniter.php(499): CodeIgniter\CodeIgniter->runController(Object(App\Controllers\Auth))
 3 SYSTEMPATH\CodeIgniter.php(368): CodeIgniter\CodeIgniter->handleRequest(null, Object(Config\Cache), false)
 4 FCPATH\index.php(67): CodeIgniter\CodeIgniter->run()
 5 SYSTEMPATH\Commands\Server\rewrite.php(47): require_once('FCPATH\\index.php')
