INFO - 2023-04-14 15:23:37 --> Session: Class initialized using 'CodeIgniter\Session\Handlers\FileHandler' driver.
INFO - 2023-04-14 15:25:07 --> Session: Class initialized using 'CodeIgniter\Session\Handlers\FileHandler' driver.
INFO - 2023-04-14 15:25:08 --> Session: Class initialized using 'CodeIgniter\Session\Handlers\FileHandler' driver.
INFO - 2023-04-14 15:25:10 --> Session: Class initialized using 'CodeIgniter\Session\Handlers\FileHandler' driver.
INFO - 2023-04-14 15:25:23 --> Session: Class initialized using 'CodeIgniter\Session\Handlers\FileHandler' driver.
INFO - 2023-04-14 15:25:23 --> Session: Class initialized using 'CodeIgniter\Session\Handlers\FileHandler' driver.
INFO - 2023-04-14 15:25:26 --> Session: Class initialized using 'CodeIgniter\Session\Handlers\FileHandler' driver.
INFO - 2023-04-14 15:25:29 --> Session: Class initialized using 'CodeIgniter\Session\Handlers\FileHandler' driver.
INFO - 2023-04-14 15:25:29 --> Session: Class initialized using 'CodeIgniter\Session\Handlers\FileHandler' driver.
INFO - 2023-04-14 15:25:33 --> Session: Class initialized using 'CodeIgniter\Session\Handlers\FileHandler' driver.
INFO - 2023-04-14 15:25:33 --> Session: Class initialized using 'CodeIgniter\Session\Handlers\FileHandler' driver.
INFO - 2023-04-14 15:25:42 --> Session: Class initialized using 'CodeIgniter\Session\Handlers\FileHandler' driver.
INFO - 2023-04-14 15:25:43 --> Session: Class initialized using 'CodeIgniter\Session\Handlers\FileHandler' driver.
INFO - 2023-04-14 15:49:07 --> Session: Class initialized using 'CodeIgniter\Session\Handlers\FileHandler' driver.
INFO - 2023-04-14 15:49:08 --> Session: Class initialized using 'CodeIgniter\Session\Handlers\FileHandler' driver.
INFO - 2023-04-14 15:49:16 --> Session: Class initialized using 'CodeIgniter\Session\Handlers\FileHandler' driver.
CRITICAL - 2023-04-14 16:05:25 --> Undefined variable $products
in APPPATH\Views\postes\viewPosting.php on line 17.
 1 APPPATH\Views\postes\viewPosting.php(17): CodeIgniter\Debug\Exceptions->errorHandler(2, 'Undefined variable $products', 'APPPATH\\Views\\postes\\viewPosting.php', 17)
 2 SYSTEMPATH\View\View.php(213): include('APPPATH\\Views\\postes\\viewPosting.php')
 3 SYSTEMPATH\View\View.php(216): CodeIgniter\View\View->CodeIgniter\View\{closure}()
 4 SYSTEMPATH\Common.php(1184): CodeIgniter\View\View->render('postes/viewposting', [], true)
 5 APPPATH\Controllers\Auth.php(33): view('postes/viewposting', [...])
 6 SYSTEMPATH\CodeIgniter.php(934): App\Controllers\Auth->viewposting()
 7 SYSTEMPATH\CodeIgniter.php(499): CodeIgniter\CodeIgniter->runController(Object(App\Controllers\Auth))
 8 SYSTEMPATH\CodeIgniter.php(368): CodeIgniter\CodeIgniter->handleRequest(null, Object(Config\Cache), false)
 9 FCPATH\index.php(67): CodeIgniter\CodeIgniter->run()
10 SYSTEMPATH\Commands\Server\rewrite.php(47): require_once('FCPATH\\index.php')
INFO - 2023-04-14 16:05:38 --> Session: Class initialized using 'CodeIgniter\Session\Handlers\FileHandler' driver.
CRITICAL - 2023-04-14 16:05:50 --> Undefined variable $products
in APPPATH\Views\postes\viewPosting.php on line 17.
 1 APPPATH\Views\postes\viewPosting.php(17): CodeIgniter\Debug\Exceptions->errorHandler(2, 'Undefined variable $products', 'APPPATH\\Views\\postes\\viewPosting.php', 17)
 2 SYSTEMPATH\View\View.php(213): include('APPPATH\\Views\\postes\\viewPosting.php')
 3 SYSTEMPATH\View\View.php(216): CodeIgniter\View\View->CodeIgniter\View\{closure}()
 4 SYSTEMPATH\Common.php(1184): CodeIgniter\View\View->render('postes/viewposting', [], true)
 5 APPPATH\Controllers\Auth.php(33): view('postes/viewposting', [...])
 6 SYSTEMPATH\CodeIgniter.php(934): App\Controllers\Auth->viewposting()
 7 SYSTEMPATH\CodeIgniter.php(499): CodeIgniter\CodeIgniter->runController(Object(App\Controllers\Auth))
 8 SYSTEMPATH\CodeIgniter.php(368): CodeIgniter\CodeIgniter->handleRequest(null, Object(Config\Cache), false)
 9 FCPATH\index.php(67): CodeIgniter\CodeIgniter->run()
10 SYSTEMPATH\Commands\Server\rewrite.php(47): require_once('FCPATH\\index.php')
INFO - 2023-04-14 16:06:22 --> Session: Class initialized using 'CodeIgniter\Session\Handlers\FileHandler' driver.
CRITICAL - 2023-04-14 16:06:29 --> Undefined variable $product
in APPPATH\Views\postes\viewPosting.php on line 17.
 1 APPPATH\Views\postes\viewPosting.php(17): CodeIgniter\Debug\Exceptions->errorHandler(2, 'Undefined variable $product', 'APPPATH\\Views\\postes\\viewPosting.php', 17)
 2 SYSTEMPATH\View\View.php(213): include('APPPATH\\Views\\postes\\viewPosting.php')
 3 SYSTEMPATH\View\View.php(216): CodeIgniter\View\View->CodeIgniter\View\{closure}()
 4 SYSTEMPATH\Common.php(1184): CodeIgniter\View\View->render('postes/viewposting', [], true)
 5 APPPATH\Controllers\Auth.php(33): view('postes/viewposting', [...])
 6 SYSTEMPATH\CodeIgniter.php(934): App\Controllers\Auth->viewposting()
 7 SYSTEMPATH\CodeIgniter.php(499): CodeIgniter\CodeIgniter->runController(Object(App\Controllers\Auth))
 8 SYSTEMPATH\CodeIgniter.php(368): CodeIgniter\CodeIgniter->handleRequest(null, Object(Config\Cache), false)
 9 FCPATH\index.php(67): CodeIgniter\CodeIgniter->run()
10 SYSTEMPATH\Commands\Server\rewrite.php(47): require_once('FCPATH\\index.php')
CRITICAL - 2023-04-14 16:06:32 --> Undefined variable $product
in APPPATH\Views\postes\viewPosting.php on line 17.
 1 APPPATH\Views\postes\viewPosting.php(17): CodeIgniter\Debug\Exceptions->errorHandler(2, 'Undefined variable $product', 'APPPATH\\Views\\postes\\viewPosting.php', 17)
 2 SYSTEMPATH\View\View.php(213): include('APPPATH\\Views\\postes\\viewPosting.php')
 3 SYSTEMPATH\View\View.php(216): CodeIgniter\View\View->CodeIgniter\View\{closure}()
 4 SYSTEMPATH\Common.php(1184): CodeIgniter\View\View->render('postes/viewposting', [], true)
 5 APPPATH\Controllers\Auth.php(33): view('postes/viewposting', [...])
 6 SYSTEMPATH\CodeIgniter.php(934): App\Controllers\Auth->viewposting()
 7 SYSTEMPATH\CodeIgniter.php(499): CodeIgniter\CodeIgniter->runController(Object(App\Controllers\Auth))
 8 SYSTEMPATH\CodeIgniter.php(368): CodeIgniter\CodeIgniter->handleRequest(null, Object(Config\Cache), false)
 9 FCPATH\index.php(67): CodeIgniter\CodeIgniter->run()
10 SYSTEMPATH\Commands\Server\rewrite.php(47): require_once('FCPATH\\index.php')
CRITICAL - 2023-04-14 16:07:46 --> Undefined variable $product
in APPPATH\Views\postes\viewPosting.php on line 17.
 1 APPPATH\Views\postes\viewPosting.php(17): CodeIgniter\Debug\Exceptions->errorHandler(2, 'Undefined variable $product', 'APPPATH\\Views\\postes\\viewPosting.php', 17)
 2 SYSTEMPATH\View\View.php(213): include('APPPATH\\Views\\postes\\viewPosting.php')
 3 SYSTEMPATH\View\View.php(216): CodeIgniter\View\View->CodeIgniter\View\{closure}()
 4 SYSTEMPATH\Common.php(1184): CodeIgniter\View\View->render('postes/viewposting', [], true)
 5 APPPATH\Controllers\Auth.php(33): view('postes/viewposting', [...])
 6 SYSTEMPATH\CodeIgniter.php(934): App\Controllers\Auth->viewposting()
 7 SYSTEMPATH\CodeIgniter.php(499): CodeIgniter\CodeIgniter->runController(Object(App\Controllers\Auth))
 8 SYSTEMPATH\CodeIgniter.php(368): CodeIgniter\CodeIgniter->handleRequest(null, Object(Config\Cache), false)
 9 FCPATH\index.php(67): CodeIgniter\CodeIgniter->run()
10 SYSTEMPATH\Commands\Server\rewrite.php(47): require_once('FCPATH\\index.php')
INFO - 2023-04-14 16:07:48 --> Session: Class initialized using 'CodeIgniter\Session\Handlers\FileHandler' driver.
INFO - 2023-04-14 16:07:49 --> Session: Class initialized using 'CodeIgniter\Session\Handlers\FileHandler' driver.
CRITICAL - 2023-04-14 16:07:58 --> Undefined variable $product
in APPPATH\Views\postes\viewPosting.php on line 17.
 1 APPPATH\Views\postes\viewPosting.php(17): CodeIgniter\Debug\Exceptions->errorHandler(2, 'Undefined variable $product', 'APPPATH\\Views\\postes\\viewPosting.php', 17)
 2 SYSTEMPATH\View\View.php(213): include('APPPATH\\Views\\postes\\viewPosting.php')
 3 SYSTEMPATH\View\View.php(216): CodeIgniter\View\View->CodeIgniter\View\{closure}()
 4 SYSTEMPATH\Common.php(1184): CodeIgniter\View\View->render('postes/viewposting', [], true)
 5 APPPATH\Controllers\Auth.php(33): view('postes/viewposting', [...])
 6 SYSTEMPATH\CodeIgniter.php(934): App\Controllers\Auth->viewposting()
 7 SYSTEMPATH\CodeIgniter.php(499): CodeIgniter\CodeIgniter->runController(Object(App\Controllers\Auth))
 8 SYSTEMPATH\CodeIgniter.php(368): CodeIgniter\CodeIgniter->handleRequest(null, Object(Config\Cache), false)
 9 FCPATH\index.php(67): CodeIgniter\CodeIgniter->run()
10 SYSTEMPATH\Commands\Server\rewrite.php(47): require_once('FCPATH\\index.php')
INFO - 2023-04-14 16:09:11 --> Session: Class initialized using 'CodeIgniter\Session\Handlers\FileHandler' driver.
CRITICAL - 2023-04-14 16:09:19 --> Undefined variable $product
in APPPATH\Views\postes\viewPosting.php on line 17.
 1 APPPATH\Views\postes\viewPosting.php(17): CodeIgniter\Debug\Exceptions->errorHandler(2, 'Undefined variable $product', 'APPPATH\\Views\\postes\\viewPosting.php', 17)
 2 SYSTEMPATH\View\View.php(213): include('APPPATH\\Views\\postes\\viewPosting.php')
 3 SYSTEMPATH\View\View.php(216): CodeIgniter\View\View->CodeIgniter\View\{closure}()
 4 SYSTEMPATH\Common.php(1184): CodeIgniter\View\View->render('postes/viewposting', [], true)
 5 APPPATH\Controllers\Auth.php(33): view('postes/viewposting', [...])
 6 SYSTEMPATH\CodeIgniter.php(934): App\Controllers\Auth->viewposting()
 7 SYSTEMPATH\CodeIgniter.php(499): CodeIgniter\CodeIgniter->runController(Object(App\Controllers\Auth))
 8 SYSTEMPATH\CodeIgniter.php(368): CodeIgniter\CodeIgniter->handleRequest(null, Object(Config\Cache), false)
 9 FCPATH\index.php(67): CodeIgniter\CodeIgniter->run()
10 SYSTEMPATH\Commands\Server\rewrite.php(47): require_once('FCPATH\\index.php')
CRITICAL - 2023-04-14 16:24:48 --> Undefined variable $product
in APPPATH\Views\postes\viewPosting.php on line 17.
 1 APPPATH\Views\postes\viewPosting.php(17): CodeIgniter\Debug\Exceptions->errorHandler(2, 'Undefined variable $product', 'APPPATH\\Views\\postes\\viewPosting.php', 17)
 2 SYSTEMPATH\View\View.php(213): include('APPPATH\\Views\\postes\\viewPosting.php')
 3 SYSTEMPATH\View\View.php(216): CodeIgniter\View\View->CodeIgniter\View\{closure}()
 4 SYSTEMPATH\Common.php(1184): CodeIgniter\View\View->render('postes/viewposting', [], true)
 5 APPPATH\Controllers\Auth.php(33): view('postes/viewposting', [...])
 6 SYSTEMPATH\CodeIgniter.php(934): App\Controllers\Auth->viewposting()
 7 SYSTEMPATH\CodeIgniter.php(499): CodeIgniter\CodeIgniter->runController(Object(App\Controllers\Auth))
 8 SYSTEMPATH\CodeIgniter.php(368): CodeIgniter\CodeIgniter->handleRequest(null, Object(Config\Cache), false)
 9 FCPATH\index.php(67): CodeIgniter\CodeIgniter->run()
10 SYSTEMPATH\Commands\Server\rewrite.php(47): require_once('FCPATH\\index.php')
CRITICAL - 2023-04-14 16:24:49 --> Undefined variable $product
in APPPATH\Views\postes\viewPosting.php on line 17.
 1 APPPATH\Views\postes\viewPosting.php(17): CodeIgniter\Debug\Exceptions->errorHandler(2, 'Undefined variable $product', 'APPPATH\\Views\\postes\\viewPosting.php', 17)
 2 SYSTEMPATH\View\View.php(213): include('APPPATH\\Views\\postes\\viewPosting.php')
 3 SYSTEMPATH\View\View.php(216): CodeIgniter\View\View->CodeIgniter\View\{closure}()
 4 SYSTEMPATH\Common.php(1184): CodeIgniter\View\View->render('postes/viewposting', [], true)
 5 APPPATH\Controllers\Auth.php(33): view('postes/viewposting', [...])
 6 SYSTEMPATH\CodeIgniter.php(934): App\Controllers\Auth->viewposting()
 7 SYSTEMPATH\CodeIgniter.php(499): CodeIgniter\CodeIgniter->runController(Object(App\Controllers\Auth))
 8 SYSTEMPATH\CodeIgniter.php(368): CodeIgniter\CodeIgniter->handleRequest(null, Object(Config\Cache), false)
 9 FCPATH\index.php(67): CodeIgniter\CodeIgniter->run()
10 SYSTEMPATH\Commands\Server\rewrite.php(47): require_once('FCPATH\\index.php')
CRITICAL - 2023-04-14 16:24:51 --> Undefined variable $product
in APPPATH\Views\postes\viewPosting.php on line 17.
 1 APPPATH\Views\postes\viewPosting.php(17): CodeIgniter\Debug\Exceptions->errorHandler(2, 'Undefined variable $product', 'APPPATH\\Views\\postes\\viewPosting.php', 17)
 2 SYSTEMPATH\View\View.php(213): include('APPPATH\\Views\\postes\\viewPosting.php')
 3 SYSTEMPATH\View\View.php(216): CodeIgniter\View\View->CodeIgniter\View\{closure}()
 4 SYSTEMPATH\Common.php(1184): CodeIgniter\View\View->render('postes/viewposting', [], true)
 5 APPPATH\Controllers\Auth.php(33): view('postes/viewposting', [...])
 6 SYSTEMPATH\CodeIgniter.php(934): App\Controllers\Auth->viewposting()
 7 SYSTEMPATH\CodeIgniter.php(499): CodeIgniter\CodeIgniter->runController(Object(App\Controllers\Auth))
 8 SYSTEMPATH\CodeIgniter.php(368): CodeIgniter\CodeIgniter->handleRequest(null, Object(Config\Cache), false)
 9 FCPATH\index.php(67): CodeIgniter\CodeIgniter->run()
10 SYSTEMPATH\Commands\Server\rewrite.php(47): require_once('FCPATH\\index.php')
CRITICAL - 2023-04-14 16:24:52 --> Undefined variable $product
in APPPATH\Views\postes\viewPosting.php on line 17.
 1 APPPATH\Views\postes\viewPosting.php(17): CodeIgniter\Debug\Exceptions->errorHandler(2, 'Undefined variable $product', 'APPPATH\\Views\\postes\\viewPosting.php', 17)
 2 SYSTEMPATH\View\View.php(213): include('APPPATH\\Views\\postes\\viewPosting.php')
 3 SYSTEMPATH\View\View.php(216): CodeIgniter\View\View->CodeIgniter\View\{closure}()
 4 SYSTEMPATH\Common.php(1184): CodeIgniter\View\View->render('postes/viewposting', [], true)
 5 APPPATH\Controllers\Auth.php(33): view('postes/viewposting', [...])
 6 SYSTEMPATH\CodeIgniter.php(934): App\Controllers\Auth->viewposting()
 7 SYSTEMPATH\CodeIgniter.php(499): CodeIgniter\CodeIgniter->runController(Object(App\Controllers\Auth))
 8 SYSTEMPATH\CodeIgniter.php(368): CodeIgniter\CodeIgniter->handleRequest(null, Object(Config\Cache), false)
 9 FCPATH\index.php(67): CodeIgniter\CodeIgniter->run()
10 SYSTEMPATH\Commands\Server\rewrite.php(47): require_once('FCPATH\\index.php')
CRITICAL - 2023-04-14 16:27:08 --> Undefined variable $product
in APPPATH\Views\postes\viewPosting.php on line 17.
 1 APPPATH\Views\postes\viewPosting.php(17): CodeIgniter\Debug\Exceptions->errorHandler(2, 'Undefined variable $product', 'APPPATH\\Views\\postes\\viewPosting.php', 17)
 2 SYSTEMPATH\View\View.php(213): include('APPPATH\\Views\\postes\\viewPosting.php')
 3 SYSTEMPATH\View\View.php(216): CodeIgniter\View\View->CodeIgniter\View\{closure}()
 4 SYSTEMPATH\Common.php(1184): CodeIgniter\View\View->render('postes/viewposting', [], true)
 5 APPPATH\Controllers\Auth.php(33): view('postes/viewposting', [...])
 6 SYSTEMPATH\CodeIgniter.php(934): App\Controllers\Auth->viewposting()
 7 SYSTEMPATH\CodeIgniter.php(499): CodeIgniter\CodeIgniter->runController(Object(App\Controllers\Auth))
 8 SYSTEMPATH\CodeIgniter.php(368): CodeIgniter\CodeIgniter->handleRequest(null, Object(Config\Cache), false)
 9 FCPATH\index.php(67): CodeIgniter\CodeIgniter->run()
10 SYSTEMPATH\Commands\Server\rewrite.php(47): require_once('FCPATH\\index.php')
CRITICAL - 2023-04-14 16:27:09 --> Undefined variable $product
in APPPATH\Views\postes\viewPosting.php on line 17.
 1 APPPATH\Views\postes\viewPosting.php(17): CodeIgniter\Debug\Exceptions->errorHandler(2, 'Undefined variable $product', 'APPPATH\\Views\\postes\\viewPosting.php', 17)
 2 SYSTEMPATH\View\View.php(213): include('APPPATH\\Views\\postes\\viewPosting.php')
 3 SYSTEMPATH\View\View.php(216): CodeIgniter\View\View->CodeIgniter\View\{closure}()
 4 SYSTEMPATH\Common.php(1184): CodeIgniter\View\View->render('postes/viewposting', [], true)
 5 APPPATH\Controllers\Auth.php(33): view('postes/viewposting', [...])
 6 SYSTEMPATH\CodeIgniter.php(934): App\Controllers\Auth->viewposting()
 7 SYSTEMPATH\CodeIgniter.php(499): CodeIgniter\CodeIgniter->runController(Object(App\Controllers\Auth))
 8 SYSTEMPATH\CodeIgniter.php(368): CodeIgniter\CodeIgniter->handleRequest(null, Object(Config\Cache), false)
 9 FCPATH\index.php(67): CodeIgniter\CodeIgniter->run()
10 SYSTEMPATH\Commands\Server\rewrite.php(47): require_once('FCPATH\\index.php')
CRITICAL - 2023-04-14 16:28:04 --> Undefined variable $product
in APPPATH\Views\postes\viewPosting.php on line 17.
 1 APPPATH\Views\postes\viewPosting.php(17): CodeIgniter\Debug\Exceptions->errorHandler(2, 'Undefined variable $product', 'APPPATH\\Views\\postes\\viewPosting.php', 17)
 2 SYSTEMPATH\View\View.php(213): include('APPPATH\\Views\\postes\\viewPosting.php')
 3 SYSTEMPATH\View\View.php(216): CodeIgniter\View\View->CodeIgniter\View\{closure}()
 4 SYSTEMPATH\Common.php(1184): CodeIgniter\View\View->render('postes/viewposting', [], true)
 5 APPPATH\Controllers\Auth.php(33): view('postes/viewposting', [...])
 6 SYSTEMPATH\CodeIgniter.php(934): App\Controllers\Auth->viewposting()
 7 SYSTEMPATH\CodeIgniter.php(499): CodeIgniter\CodeIgniter->runController(Object(App\Controllers\Auth))
 8 SYSTEMPATH\CodeIgniter.php(368): CodeIgniter\CodeIgniter->handleRequest(null, Object(Config\Cache), false)
 9 FCPATH\index.php(67): CodeIgniter\CodeIgniter->run()
10 SYSTEMPATH\Commands\Server\rewrite.php(47): require_once('FCPATH\\index.php')
CRITICAL - 2023-04-14 16:28:05 --> Undefined variable $product
in APPPATH\Views\postes\viewPosting.php on line 17.
 1 APPPATH\Views\postes\viewPosting.php(17): CodeIgniter\Debug\Exceptions->errorHandler(2, 'Undefined variable $product', 'APPPATH\\Views\\postes\\viewPosting.php', 17)
 2 SYSTEMPATH\View\View.php(213): include('APPPATH\\Views\\postes\\viewPosting.php')
 3 SYSTEMPATH\View\View.php(216): CodeIgniter\View\View->CodeIgniter\View\{closure}()
 4 SYSTEMPATH\Common.php(1184): CodeIgniter\View\View->render('postes/viewposting', [], true)
 5 APPPATH\Controllers\Auth.php(33): view('postes/viewposting', [...])
 6 SYSTEMPATH\CodeIgniter.php(934): App\Controllers\Auth->viewposting()
 7 SYSTEMPATH\CodeIgniter.php(499): CodeIgniter\CodeIgniter->runController(Object(App\Controllers\Auth))
 8 SYSTEMPATH\CodeIgniter.php(368): CodeIgniter\CodeIgniter->handleRequest(null, Object(Config\Cache), false)
 9 FCPATH\index.php(67): CodeIgniter\CodeIgniter->run()
10 SYSTEMPATH\Commands\Server\rewrite.php(47): require_once('FCPATH\\index.php')
CRITICAL - 2023-04-14 16:28:06 --> Undefined variable $product
in APPPATH\Views\postes\viewPosting.php on line 17.
 1 APPPATH\Views\postes\viewPosting.php(17): CodeIgniter\Debug\Exceptions->errorHandler(2, 'Undefined variable $product', 'APPPATH\\Views\\postes\\viewPosting.php', 17)
 2 SYSTEMPATH\View\View.php(213): include('APPPATH\\Views\\postes\\viewPosting.php')
 3 SYSTEMPATH\View\View.php(216): CodeIgniter\View\View->CodeIgniter\View\{closure}()
 4 SYSTEMPATH\Common.php(1184): CodeIgniter\View\View->render('postes/viewposting', [], true)
 5 APPPATH\Controllers\Auth.php(33): view('postes/viewposting', [...])
 6 SYSTEMPATH\CodeIgniter.php(934): App\Controllers\Auth->viewposting()
 7 SYSTEMPATH\CodeIgniter.php(499): CodeIgniter\CodeIgniter->runController(Object(App\Controllers\Auth))
 8 SYSTEMPATH\CodeIgniter.php(368): CodeIgniter\CodeIgniter->handleRequest(null, Object(Config\Cache), false)
 9 FCPATH\index.php(67): CodeIgniter\CodeIgniter->run()
10 SYSTEMPATH\Commands\Server\rewrite.php(47): require_once('FCPATH\\index.php')
CRITICAL - 2023-04-14 16:28:07 --> Undefined variable $product
in APPPATH\Views\postes\viewPosting.php on line 17.
 1 APPPATH\Views\postes\viewPosting.php(17): CodeIgniter\Debug\Exceptions->errorHandler(2, 'Undefined variable $product', 'APPPATH\\Views\\postes\\viewPosting.php', 17)
 2 SYSTEMPATH\View\View.php(213): include('APPPATH\\Views\\postes\\viewPosting.php')
 3 SYSTEMPATH\View\View.php(216): CodeIgniter\View\View->CodeIgniter\View\{closure}()
 4 SYSTEMPATH\Common.php(1184): CodeIgniter\View\View->render('postes/viewposting', [], true)
 5 APPPATH\Controllers\Auth.php(33): view('postes/viewposting', [...])
 6 SYSTEMPATH\CodeIgniter.php(934): App\Controllers\Auth->viewposting()
 7 SYSTEMPATH\CodeIgniter.php(499): CodeIgniter\CodeIgniter->runController(Object(App\Controllers\Auth))
 8 SYSTEMPATH\CodeIgniter.php(368): CodeIgniter\CodeIgniter->handleRequest(null, Object(Config\Cache), false)
 9 FCPATH\index.php(67): CodeIgniter\CodeIgniter->run()
10 SYSTEMPATH\Commands\Server\rewrite.php(47): require_once('FCPATH\\index.php')
CRITICAL - 2023-04-14 16:28:47 --> Undefined variable $poster
in APPPATH\Views\postes\viewPosting.php on line 17.
 1 APPPATH\Views\postes\viewPosting.php(17): CodeIgniter\Debug\Exceptions->errorHandler(2, 'Undefined variable $poster', 'APPPATH\\Views\\postes\\viewPosting.php', 17)
 2 SYSTEMPATH\View\View.php(213): include('APPPATH\\Views\\postes\\viewPosting.php')
 3 SYSTEMPATH\View\View.php(216): CodeIgniter\View\View->CodeIgniter\View\{closure}()
 4 SYSTEMPATH\Common.php(1184): CodeIgniter\View\View->render('postes/viewposting', [], true)
 5 APPPATH\Controllers\Auth.php(33): view('postes/viewposting', [...])
 6 SYSTEMPATH\CodeIgniter.php(934): App\Controllers\Auth->viewposting()
 7 SYSTEMPATH\CodeIgniter.php(499): CodeIgniter\CodeIgniter->runController(Object(App\Controllers\Auth))
 8 SYSTEMPATH\CodeIgniter.php(368): CodeIgniter\CodeIgniter->handleRequest(null, Object(Config\Cache), false)
 9 FCPATH\index.php(67): CodeIgniter\CodeIgniter->run()
10 SYSTEMPATH\Commands\Server\rewrite.php(47): require_once('FCPATH\\index.php')
CRITICAL - 2023-04-14 16:28:48 --> Undefined variable $poster
in APPPATH\Views\postes\viewPosting.php on line 17.
 1 APPPATH\Views\postes\viewPosting.php(17): CodeIgniter\Debug\Exceptions->errorHandler(2, 'Undefined variable $poster', 'APPPATH\\Views\\postes\\viewPosting.php', 17)
 2 SYSTEMPATH\View\View.php(213): include('APPPATH\\Views\\postes\\viewPosting.php')
 3 SYSTEMPATH\View\View.php(216): CodeIgniter\View\View->CodeIgniter\View\{closure}()
 4 SYSTEMPATH\Common.php(1184): CodeIgniter\View\View->render('postes/viewposting', [], true)
 5 APPPATH\Controllers\Auth.php(33): view('postes/viewposting', [...])
 6 SYSTEMPATH\CodeIgniter.php(934): App\Controllers\Auth->viewposting()
 7 SYSTEMPATH\CodeIgniter.php(499): CodeIgniter\CodeIgniter->runController(Object(App\Controllers\Auth))
 8 SYSTEMPATH\CodeIgniter.php(368): CodeIgniter\CodeIgniter->handleRequest(null, Object(Config\Cache), false)
 9 FCPATH\index.php(67): CodeIgniter\CodeIgniter->run()
10 SYSTEMPATH\Commands\Server\rewrite.php(47): require_once('FCPATH\\index.php')
CRITICAL - 2023-04-14 16:28:48 --> Undefined variable $poster
in APPPATH\Views\postes\viewPosting.php on line 17.
 1 APPPATH\Views\postes\viewPosting.php(17): CodeIgniter\Debug\Exceptions->errorHandler(2, 'Undefined variable $poster', 'APPPATH\\Views\\postes\\viewPosting.php', 17)
 2 SYSTEMPATH\View\View.php(213): include('APPPATH\\Views\\postes\\viewPosting.php')
 3 SYSTEMPATH\View\View.php(216): CodeIgniter\View\View->CodeIgniter\View\{closure}()
 4 SYSTEMPATH\Common.php(1184): CodeIgniter\View\View->render('postes/viewposting', [], true)
 5 APPPATH\Controllers\Auth.php(33): view('postes/viewposting', [...])
 6 SYSTEMPATH\CodeIgniter.php(934): App\Controllers\Auth->viewposting()
 7 SYSTEMPATH\CodeIgniter.php(499): CodeIgniter\CodeIgniter->runController(Object(App\Controllers\Auth))
 8 SYSTEMPATH\CodeIgniter.php(368): CodeIgniter\CodeIgniter->handleRequest(null, Object(Config\Cache), false)
 9 FCPATH\index.php(67): CodeIgniter\CodeIgniter->run()
10 SYSTEMPATH\Commands\Server\rewrite.php(47): require_once('FCPATH\\index.php')
CRITICAL - 2023-04-14 16:28:49 --> Undefined variable $poster
in APPPATH\Views\postes\viewPosting.php on line 17.
 1 APPPATH\Views\postes\viewPosting.php(17): CodeIgniter\Debug\Exceptions->errorHandler(2, 'Undefined variable $poster', 'APPPATH\\Views\\postes\\viewPosting.php', 17)
 2 SYSTEMPATH\View\View.php(213): include('APPPATH\\Views\\postes\\viewPosting.php')
 3 SYSTEMPATH\View\View.php(216): CodeIgniter\View\View->CodeIgniter\View\{closure}()
 4 SYSTEMPATH\Common.php(1184): CodeIgniter\View\View->render('postes/viewposting', [], true)
 5 APPPATH\Controllers\Auth.php(33): view('postes/viewposting', [...])
 6 SYSTEMPATH\CodeIgniter.php(934): App\Controllers\Auth->viewposting()
 7 SYSTEMPATH\CodeIgniter.php(499): CodeIgniter\CodeIgniter->runController(Object(App\Controllers\Auth))
 8 SYSTEMPATH\CodeIgniter.php(368): CodeIgniter\CodeIgniter->handleRequest(null, Object(Config\Cache), false)
 9 FCPATH\index.php(67): CodeIgniter\CodeIgniter->run()
10 SYSTEMPATH\Commands\Server\rewrite.php(47): require_once('FCPATH\\index.php')
CRITICAL - 2023-04-14 16:28:49 --> Undefined variable $poster
in APPPATH\Views\postes\viewPosting.php on line 17.
 1 APPPATH\Views\postes\viewPosting.php(17): CodeIgniter\Debug\Exceptions->errorHandler(2, 'Undefined variable $poster', 'APPPATH\\Views\\postes\\viewPosting.php', 17)
 2 SYSTEMPATH\View\View.php(213): include('APPPATH\\Views\\postes\\viewPosting.php')
 3 SYSTEMPATH\View\View.php(216): CodeIgniter\View\View->CodeIgniter\View\{closure}()
 4 SYSTEMPATH\Common.php(1184): CodeIgniter\View\View->render('postes/viewposting', [], true)
 5 APPPATH\Controllers\Auth.php(33): view('postes/viewposting', [...])
 6 SYSTEMPATH\CodeIgniter.php(934): App\Controllers\Auth->viewposting()
 7 SYSTEMPATH\CodeIgniter.php(499): CodeIgniter\CodeIgniter->runController(Object(App\Controllers\Auth))
 8 SYSTEMPATH\CodeIgniter.php(368): CodeIgniter\CodeIgniter->handleRequest(null, Object(Config\Cache), false)
 9 FCPATH\index.php(67): CodeIgniter\CodeIgniter->run()
10 SYSTEMPATH\Commands\Server\rewrite.php(47): require_once('FCPATH\\index.php')
CRITICAL - 2023-04-14 16:28:50 --> Undefined variable $poster
in APPPATH\Views\postes\viewPosting.php on line 17.
 1 APPPATH\Views\postes\viewPosting.php(17): CodeIgniter\Debug\Exceptions->errorHandler(2, 'Undefined variable $poster', 'APPPATH\\Views\\postes\\viewPosting.php', 17)
 2 SYSTEMPATH\View\View.php(213): include('APPPATH\\Views\\postes\\viewPosting.php')
 3 SYSTEMPATH\View\View.php(216): CodeIgniter\View\View->CodeIgniter\View\{closure}()
 4 SYSTEMPATH\Common.php(1184): CodeIgniter\View\View->render('postes/viewposting', [], true)
 5 APPPATH\Controllers\Auth.php(33): view('postes/viewposting', [...])
 6 SYSTEMPATH\CodeIgniter.php(934): App\Controllers\Auth->viewposting()
 7 SYSTEMPATH\CodeIgniter.php(499): CodeIgniter\CodeIgniter->runController(Object(App\Controllers\Auth))
 8 SYSTEMPATH\CodeIgniter.php(368): CodeIgniter\CodeIgniter->handleRequest(null, Object(Config\Cache), false)
 9 FCPATH\index.php(67): CodeIgniter\CodeIgniter->run()
10 SYSTEMPATH\Commands\Server\rewrite.php(47): require_once('FCPATH\\index.php')
CRITICAL - 2023-04-14 16:39:57 --> Undefined variable $poster
in APPPATH\Views\postes\viewPosting.php on line 17.
 1 APPPATH\Views\postes\viewPosting.php(17): CodeIgniter\Debug\Exceptions->errorHandler(2, 'Undefined variable $poster', 'APPPATH\\Views\\postes\\viewPosting.php', 17)
 2 SYSTEMPATH\View\View.php(213): include('APPPATH\\Views\\postes\\viewPosting.php')
 3 SYSTEMPATH\View\View.php(216): CodeIgniter\View\View->CodeIgniter\View\{closure}()
 4 SYSTEMPATH\Common.php(1184): CodeIgniter\View\View->render('postes/viewposting', [], true)
 5 APPPATH\Controllers\Auth.php(33): view('postes/viewposting', [...])
 6 SYSTEMPATH\CodeIgniter.php(934): App\Controllers\Auth->viewposting()
 7 SYSTEMPATH\CodeIgniter.php(499): CodeIgniter\CodeIgniter->runController(Object(App\Controllers\Auth))
 8 SYSTEMPATH\CodeIgniter.php(368): CodeIgniter\CodeIgniter->handleRequest(null, Object(Config\Cache), false)
 9 FCPATH\index.php(67): CodeIgniter\CodeIgniter->run()
10 SYSTEMPATH\Commands\Server\rewrite.php(47): require_once('FCPATH\\index.php')
INFO - 2023-04-14 16:39:59 --> Session: Class initialized using 'CodeIgniter\Session\Handlers\FileHandler' driver.
INFO - 2023-04-14 16:40:00 --> Session: Class initialized using 'CodeIgniter\Session\Handlers\FileHandler' driver.
CRITICAL - 2023-04-14 16:40:10 --> Undefined variable $poster
in APPPATH\Views\postes\viewPosting.php on line 17.
 1 APPPATH\Views\postes\viewPosting.php(17): CodeIgniter\Debug\Exceptions->errorHandler(2, 'Undefined variable $poster', 'APPPATH\\Views\\postes\\viewPosting.php', 17)
 2 SYSTEMPATH\View\View.php(213): include('APPPATH\\Views\\postes\\viewPosting.php')
 3 SYSTEMPATH\View\View.php(216): CodeIgniter\View\View->CodeIgniter\View\{closure}()
 4 SYSTEMPATH\Common.php(1184): CodeIgniter\View\View->render('postes/viewposting', [], true)
 5 APPPATH\Controllers\Auth.php(33): view('postes/viewposting', [...])
 6 SYSTEMPATH\CodeIgniter.php(934): App\Controllers\Auth->viewposting()
 7 SYSTEMPATH\CodeIgniter.php(499): CodeIgniter\CodeIgniter->runController(Object(App\Controllers\Auth))
 8 SYSTEMPATH\CodeIgniter.php(368): CodeIgniter\CodeIgniter->handleRequest(null, Object(Config\Cache), false)
 9 FCPATH\index.php(67): CodeIgniter\CodeIgniter->run()
10 SYSTEMPATH\Commands\Server\rewrite.php(47): require_once('FCPATH\\index.php')
CRITICAL - 2023-04-14 16:56:09 --> Undefined variable $poster
in APPPATH\Views\postes\viewPosting.php on line 17.
 1 APPPATH\Views\postes\viewPosting.php(17): CodeIgniter\Debug\Exceptions->errorHandler(2, 'Undefined variable $poster', 'APPPATH\\Views\\postes\\viewPosting.php', 17)
 2 SYSTEMPATH\View\View.php(213): include('APPPATH\\Views\\postes\\viewPosting.php')
 3 SYSTEMPATH\View\View.php(216): CodeIgniter\View\View->CodeIgniter\View\{closure}()
 4 SYSTEMPATH\Common.php(1184): CodeIgniter\View\View->render('postes/viewposting', [], true)
 5 APPPATH\Controllers\Auth.php(33): view('postes/viewposting', [...])
 6 SYSTEMPATH\CodeIgniter.php(934): App\Controllers\Auth->viewposting()
 7 SYSTEMPATH\CodeIgniter.php(499): CodeIgniter\CodeIgniter->runController(Object(App\Controllers\Auth))
 8 SYSTEMPATH\CodeIgniter.php(368): CodeIgniter\CodeIgniter->handleRequest(null, Object(Config\Cache), false)
 9 FCPATH\index.php(67): CodeIgniter\CodeIgniter->run()
10 SYSTEMPATH\Commands\Server\rewrite.php(47): require_once('FCPATH\\index.php')
CRITICAL - 2023-04-14 16:56:11 --> Undefined variable $poster
in APPPATH\Views\postes\viewPosting.php on line 17.
 1 APPPATH\Views\postes\viewPosting.php(17): CodeIgniter\Debug\Exceptions->errorHandler(2, 'Undefined variable $poster', 'APPPATH\\Views\\postes\\viewPosting.php', 17)
 2 SYSTEMPATH\View\View.php(213): include('APPPATH\\Views\\postes\\viewPosting.php')
 3 SYSTEMPATH\View\View.php(216): CodeIgniter\View\View->CodeIgniter\View\{closure}()
 4 SYSTEMPATH\Common.php(1184): CodeIgniter\View\View->render('postes/viewposting', [], true)
 5 APPPATH\Controllers\Auth.php(33): view('postes/viewposting', [...])
 6 SYSTEMPATH\CodeIgniter.php(934): App\Controllers\Auth->viewposting()
 7 SYSTEMPATH\CodeIgniter.php(499): CodeIgniter\CodeIgniter->runController(Object(App\Controllers\Auth))
 8 SYSTEMPATH\CodeIgniter.php(368): CodeIgniter\CodeIgniter->handleRequest(null, Object(Config\Cache), false)
 9 FCPATH\index.php(67): CodeIgniter\CodeIgniter->run()
10 SYSTEMPATH\Commands\Server\rewrite.php(47): require_once('FCPATH\\index.php')
CRITICAL - 2023-04-14 16:56:13 --> Undefined variable $poster
in APPPATH\Views\postes\viewPosting.php on line 17.
 1 APPPATH\Views\postes\viewPosting.php(17): CodeIgniter\Debug\Exceptions->errorHandler(2, 'Undefined variable $poster', 'APPPATH\\Views\\postes\\viewPosting.php', 17)
 2 SYSTEMPATH\View\View.php(213): include('APPPATH\\Views\\postes\\viewPosting.php')
 3 SYSTEMPATH\View\View.php(216): CodeIgniter\View\View->CodeIgniter\View\{closure}()
 4 SYSTEMPATH\Common.php(1184): CodeIgniter\View\View->render('postes/viewposting', [], true)
 5 APPPATH\Controllers\Auth.php(33): view('postes/viewposting', [...])
 6 SYSTEMPATH\CodeIgniter.php(934): App\Controllers\Auth->viewposting()
 7 SYSTEMPATH\CodeIgniter.php(499): CodeIgniter\CodeIgniter->runController(Object(App\Controllers\Auth))
 8 SYSTEMPATH\CodeIgniter.php(368): CodeIgniter\CodeIgniter->handleRequest(null, Object(Config\Cache), false)
 9 FCPATH\index.php(67): CodeIgniter\CodeIgniter->run()
10 SYSTEMPATH\Commands\Server\rewrite.php(47): require_once('FCPATH\\index.php')
CRITICAL - 2023-04-14 16:59:41 --> Undefined variable $poster
in APPPATH\Views\postes\viewPosting.php on line 17.
 1 APPPATH\Views\postes\viewPosting.php(17): CodeIgniter\Debug\Exceptions->errorHandler(2, 'Undefined variable $poster', 'APPPATH\\Views\\postes\\viewPosting.php', 17)
 2 SYSTEMPATH\View\View.php(213): include('APPPATH\\Views\\postes\\viewPosting.php')
 3 SYSTEMPATH\View\View.php(216): CodeIgniter\View\View->CodeIgniter\View\{closure}()
 4 SYSTEMPATH\Common.php(1184): CodeIgniter\View\View->render('postes/viewposting', [], true)
 5 APPPATH\Controllers\Auth.php(33): view('postes/viewposting', [...])
 6 SYSTEMPATH\CodeIgniter.php(934): App\Controllers\Auth->viewposting()
 7 SYSTEMPATH\CodeIgniter.php(499): CodeIgniter\CodeIgniter->runController(Object(App\Controllers\Auth))
 8 SYSTEMPATH\CodeIgniter.php(368): CodeIgniter\CodeIgniter->handleRequest(null, Object(Config\Cache), false)
 9 FCPATH\index.php(67): CodeIgniter\CodeIgniter->run()
10 SYSTEMPATH\Commands\Server\rewrite.php(47): require_once('FCPATH\\index.php')
CRITICAL - 2023-04-14 16:59:42 --> Undefined variable $poster
in APPPATH\Views\postes\viewPosting.php on line 17.
 1 APPPATH\Views\postes\viewPosting.php(17): CodeIgniter\Debug\Exceptions->errorHandler(2, 'Undefined variable $poster', 'APPPATH\\Views\\postes\\viewPosting.php', 17)
 2 SYSTEMPATH\View\View.php(213): include('APPPATH\\Views\\postes\\viewPosting.php')
 3 SYSTEMPATH\View\View.php(216): CodeIgniter\View\View->CodeIgniter\View\{closure}()
 4 SYSTEMPATH\Common.php(1184): CodeIgniter\View\View->render('postes/viewposting', [], true)
 5 APPPATH\Controllers\Auth.php(33): view('postes/viewposting', [...])
 6 SYSTEMPATH\CodeIgniter.php(934): App\Controllers\Auth->viewposting()
 7 SYSTEMPATH\CodeIgniter.php(499): CodeIgniter\CodeIgniter->runController(Object(App\Controllers\Auth))
 8 SYSTEMPATH\CodeIgniter.php(368): CodeIgniter\CodeIgniter->handleRequest(null, Object(Config\Cache), false)
 9 FCPATH\index.php(67): CodeIgniter\CodeIgniter->run()
10 SYSTEMPATH\Commands\Server\rewrite.php(47): require_once('FCPATH\\index.php')
CRITICAL - 2023-04-14 16:59:42 --> Undefined variable $poster
in APPPATH\Views\postes\viewPosting.php on line 17.
 1 APPPATH\Views\postes\viewPosting.php(17): CodeIgniter\Debug\Exceptions->errorHandler(2, 'Undefined variable $poster', 'APPPATH\\Views\\postes\\viewPosting.php', 17)
 2 SYSTEMPATH\View\View.php(213): include('APPPATH\\Views\\postes\\viewPosting.php')
 3 SYSTEMPATH\View\View.php(216): CodeIgniter\View\View->CodeIgniter\View\{closure}()
 4 SYSTEMPATH\Common.php(1184): CodeIgniter\View\View->render('postes/viewposting', [], true)
 5 APPPATH\Controllers\Auth.php(33): view('postes/viewposting', [...])
 6 SYSTEMPATH\CodeIgniter.php(934): App\Controllers\Auth->viewposting()
 7 SYSTEMPATH\CodeIgniter.php(499): CodeIgniter\CodeIgniter->runController(Object(App\Controllers\Auth))
 8 SYSTEMPATH\CodeIgniter.php(368): CodeIgniter\CodeIgniter->handleRequest(null, Object(Config\Cache), false)
 9 FCPATH\index.php(67): CodeIgniter\CodeIgniter->run()
10 SYSTEMPATH\Commands\Server\rewrite.php(47): require_once('FCPATH\\index.php')
CRITICAL - 2023-04-14 16:59:43 --> Undefined variable $poster
in APPPATH\Views\postes\viewPosting.php on line 17.
 1 APPPATH\Views\postes\viewPosting.php(17): CodeIgniter\Debug\Exceptions->errorHandler(2, 'Undefined variable $poster', 'APPPATH\\Views\\postes\\viewPosting.php', 17)
 2 SYSTEMPATH\View\View.php(213): include('APPPATH\\Views\\postes\\viewPosting.php')
 3 SYSTEMPATH\View\View.php(216): CodeIgniter\View\View->CodeIgniter\View\{closure}()
 4 SYSTEMPATH\Common.php(1184): CodeIgniter\View\View->render('postes/viewposting', [], true)
 5 APPPATH\Controllers\Auth.php(33): view('postes/viewposting', [...])
 6 SYSTEMPATH\CodeIgniter.php(934): App\Controllers\Auth->viewposting()
 7 SYSTEMPATH\CodeIgniter.php(499): CodeIgniter\CodeIgniter->runController(Object(App\Controllers\Auth))
 8 SYSTEMPATH\CodeIgniter.php(368): CodeIgniter\CodeIgniter->handleRequest(null, Object(Config\Cache), false)
 9 FCPATH\index.php(67): CodeIgniter\CodeIgniter->run()
10 SYSTEMPATH\Commands\Server\rewrite.php(47): require_once('FCPATH\\index.php')
CRITICAL - 2023-04-14 16:59:43 --> Undefined variable $poster
in APPPATH\Views\postes\viewPosting.php on line 17.
 1 APPPATH\Views\postes\viewPosting.php(17): CodeIgniter\Debug\Exceptions->errorHandler(2, 'Undefined variable $poster', 'APPPATH\\Views\\postes\\viewPosting.php', 17)
 2 SYSTEMPATH\View\View.php(213): include('APPPATH\\Views\\postes\\viewPosting.php')
 3 SYSTEMPATH\View\View.php(216): CodeIgniter\View\View->CodeIgniter\View\{closure}()
 4 SYSTEMPATH\Common.php(1184): CodeIgniter\View\View->render('postes/viewposting', [], true)
 5 APPPATH\Controllers\Auth.php(33): view('postes/viewposting', [...])
 6 SYSTEMPATH\CodeIgniter.php(934): App\Controllers\Auth->viewposting()
 7 SYSTEMPATH\CodeIgniter.php(499): CodeIgniter\CodeIgniter->runController(Object(App\Controllers\Auth))
 8 SYSTEMPATH\CodeIgniter.php(368): CodeIgniter\CodeIgniter->handleRequest(null, Object(Config\Cache), false)
 9 FCPATH\index.php(67): CodeIgniter\CodeIgniter->run()
10 SYSTEMPATH\Commands\Server\rewrite.php(47): require_once('FCPATH\\index.php')
CRITICAL - 2023-04-14 16:59:43 --> Undefined variable $poster
in APPPATH\Views\postes\viewPosting.php on line 17.
 1 APPPATH\Views\postes\viewPosting.php(17): CodeIgniter\Debug\Exceptions->errorHandler(2, 'Undefined variable $poster', 'APPPATH\\Views\\postes\\viewPosting.php', 17)
 2 SYSTEMPATH\View\View.php(213): include('APPPATH\\Views\\postes\\viewPosting.php')
 3 SYSTEMPATH\View\View.php(216): CodeIgniter\View\View->CodeIgniter\View\{closure}()
 4 SYSTEMPATH\Common.php(1184): CodeIgniter\View\View->render('postes/viewposting', [], true)
 5 APPPATH\Controllers\Auth.php(33): view('postes/viewposting', [...])
 6 SYSTEMPATH\CodeIgniter.php(934): App\Controllers\Auth->viewposting()
 7 SYSTEMPATH\CodeIgniter.php(499): CodeIgniter\CodeIgniter->runController(Object(App\Controllers\Auth))
 8 SYSTEMPATH\CodeIgniter.php(368): CodeIgniter\CodeIgniter->handleRequest(null, Object(Config\Cache), false)
 9 FCPATH\index.php(67): CodeIgniter\CodeIgniter->run()
10 SYSTEMPATH\Commands\Server\rewrite.php(47): require_once('FCPATH\\index.php')
CRITICAL - 2023-04-14 16:59:43 --> Undefined variable $poster
in APPPATH\Views\postes\viewPosting.php on line 17.
 1 APPPATH\Views\postes\viewPosting.php(17): CodeIgniter\Debug\Exceptions->errorHandler(2, 'Undefined variable $poster', 'APPPATH\\Views\\postes\\viewPosting.php', 17)
 2 SYSTEMPATH\View\View.php(213): include('APPPATH\\Views\\postes\\viewPosting.php')
 3 SYSTEMPATH\View\View.php(216): CodeIgniter\View\View->CodeIgniter\View\{closure}()
 4 SYSTEMPATH\Common.php(1184): CodeIgniter\View\View->render('postes/viewposting', [], true)
 5 APPPATH\Controllers\Auth.php(33): view('postes/viewposting', [...])
 6 SYSTEMPATH\CodeIgniter.php(934): App\Controllers\Auth->viewposting()
 7 SYSTEMPATH\CodeIgniter.php(499): CodeIgniter\CodeIgniter->runController(Object(App\Controllers\Auth))
 8 SYSTEMPATH\CodeIgniter.php(368): CodeIgniter\CodeIgniter->handleRequest(null, Object(Config\Cache), false)
 9 FCPATH\index.php(67): CodeIgniter\CodeIgniter->run()
10 SYSTEMPATH\Commands\Server\rewrite.php(47): require_once('FCPATH\\index.php')
CRITICAL - 2023-04-14 16:59:44 --> Undefined variable $poster
in APPPATH\Views\postes\viewPosting.php on line 17.
 1 APPPATH\Views\postes\viewPosting.php(17): CodeIgniter\Debug\Exceptions->errorHandler(2, 'Undefined variable $poster', 'APPPATH\\Views\\postes\\viewPosting.php', 17)
 2 SYSTEMPATH\View\View.php(213): include('APPPATH\\Views\\postes\\viewPosting.php')
 3 SYSTEMPATH\View\View.php(216): CodeIgniter\View\View->CodeIgniter\View\{closure}()
 4 SYSTEMPATH\Common.php(1184): CodeIgniter\View\View->render('postes/viewposting', [], true)
 5 APPPATH\Controllers\Auth.php(33): view('postes/viewposting', [...])
 6 SYSTEMPATH\CodeIgniter.php(934): App\Controllers\Auth->viewposting()
 7 SYSTEMPATH\CodeIgniter.php(499): CodeIgniter\CodeIgniter->runController(Object(App\Controllers\Auth))
 8 SYSTEMPATH\CodeIgniter.php(368): CodeIgniter\CodeIgniter->handleRequest(null, Object(Config\Cache), false)
 9 FCPATH\index.php(67): CodeIgniter\CodeIgniter->run()
10 SYSTEMPATH\Commands\Server\rewrite.php(47): require_once('FCPATH\\index.php')
CRITICAL - 2023-04-14 16:59:44 --> Undefined variable $poster
in APPPATH\Views\postes\viewPosting.php on line 17.
 1 APPPATH\Views\postes\viewPosting.php(17): CodeIgniter\Debug\Exceptions->errorHandler(2, 'Undefined variable $poster', 'APPPATH\\Views\\postes\\viewPosting.php', 17)
 2 SYSTEMPATH\View\View.php(213): include('APPPATH\\Views\\postes\\viewPosting.php')
 3 SYSTEMPATH\View\View.php(216): CodeIgniter\View\View->CodeIgniter\View\{closure}()
 4 SYSTEMPATH\Common.php(1184): CodeIgniter\View\View->render('postes/viewposting', [], true)
 5 APPPATH\Controllers\Auth.php(33): view('postes/viewposting', [...])
 6 SYSTEMPATH\CodeIgniter.php(934): App\Controllers\Auth->viewposting()
 7 SYSTEMPATH\CodeIgniter.php(499): CodeIgniter\CodeIgniter->runController(Object(App\Controllers\Auth))
 8 SYSTEMPATH\CodeIgniter.php(368): CodeIgniter\CodeIgniter->handleRequest(null, Object(Config\Cache), false)
 9 FCPATH\index.php(67): CodeIgniter\CodeIgniter->run()
10 SYSTEMPATH\Commands\Server\rewrite.php(47): require_once('FCPATH\\index.php')
CRITICAL - 2023-04-14 16:59:44 --> Undefined variable $poster
in APPPATH\Views\postes\viewPosting.php on line 17.
 1 APPPATH\Views\postes\viewPosting.php(17): CodeIgniter\Debug\Exceptions->errorHandler(2, 'Undefined variable $poster', 'APPPATH\\Views\\postes\\viewPosting.php', 17)
 2 SYSTEMPATH\View\View.php(213): include('APPPATH\\Views\\postes\\viewPosting.php')
 3 SYSTEMPATH\View\View.php(216): CodeIgniter\View\View->CodeIgniter\View\{closure}()
 4 SYSTEMPATH\Common.php(1184): CodeIgniter\View\View->render('postes/viewposting', [], true)
 5 APPPATH\Controllers\Auth.php(33): view('postes/viewposting', [...])
 6 SYSTEMPATH\CodeIgniter.php(934): App\Controllers\Auth->viewposting()
 7 SYSTEMPATH\CodeIgniter.php(499): CodeIgniter\CodeIgniter->runController(Object(App\Controllers\Auth))
 8 SYSTEMPATH\CodeIgniter.php(368): CodeIgniter\CodeIgniter->handleRequest(null, Object(Config\Cache), false)
 9 FCPATH\index.php(67): CodeIgniter\CodeIgniter->run()
10 SYSTEMPATH\Commands\Server\rewrite.php(47): require_once('FCPATH\\index.php')
CRITICAL - 2023-04-14 17:13:39 --> Undefined variable $poster
in APPPATH\Views\postes\viewPosting.php on line 17.
 1 APPPATH\Views\postes\viewPosting.php(17): CodeIgniter\Debug\Exceptions->errorHandler(2, 'Undefined variable $poster', 'APPPATH\\Views\\postes\\viewPosting.php', 17)
 2 SYSTEMPATH\View\View.php(213): include('APPPATH\\Views\\postes\\viewPosting.php')
 3 SYSTEMPATH\View\View.php(216): CodeIgniter\View\View->CodeIgniter\View\{closure}()
 4 SYSTEMPATH\Common.php(1184): CodeIgniter\View\View->render('postes/viewposting', [], true)
 5 APPPATH\Controllers\Auth.php(33): view('postes/viewposting', [...])
 6 SYSTEMPATH\CodeIgniter.php(934): App\Controllers\Auth->viewposting()
 7 SYSTEMPATH\CodeIgniter.php(499): CodeIgniter\CodeIgniter->runController(Object(App\Controllers\Auth))
 8 SYSTEMPATH\CodeIgniter.php(368): CodeIgniter\CodeIgniter->handleRequest(null, Object(Config\Cache), false)
 9 FCPATH\index.php(67): CodeIgniter\CodeIgniter->run()
10 SYSTEMPATH\Commands\Server\rewrite.php(47): require_once('FCPATH\\index.php')
CRITICAL - 2023-04-14 17:13:40 --> Undefined variable $poster
in APPPATH\Views\postes\viewPosting.php on line 17.
 1 APPPATH\Views\postes\viewPosting.php(17): CodeIgniter\Debug\Exceptions->errorHandler(2, 'Undefined variable $poster', 'APPPATH\\Views\\postes\\viewPosting.php', 17)
 2 SYSTEMPATH\View\View.php(213): include('APPPATH\\Views\\postes\\viewPosting.php')
 3 SYSTEMPATH\View\View.php(216): CodeIgniter\View\View->CodeIgniter\View\{closure}()
 4 SYSTEMPATH\Common.php(1184): CodeIgniter\View\View->render('postes/viewposting', [], true)
 5 APPPATH\Controllers\Auth.php(33): view('postes/viewposting', [...])
 6 SYSTEMPATH\CodeIgniter.php(934): App\Controllers\Auth->viewposting()
 7 SYSTEMPATH\CodeIgniter.php(499): CodeIgniter\CodeIgniter->runController(Object(App\Controllers\Auth))
 8 SYSTEMPATH\CodeIgniter.php(368): CodeIgniter\CodeIgniter->handleRequest(null, Object(Config\Cache), false)
 9 FCPATH\index.php(67): CodeIgniter\CodeIgniter->run()
10 SYSTEMPATH\Commands\Server\rewrite.php(47): require_once('FCPATH\\index.php')
CRITICAL - 2023-04-14 17:13:41 --> Undefined variable $poster
in APPPATH\Views\postes\viewPosting.php on line 17.
 1 APPPATH\Views\postes\viewPosting.php(17): CodeIgniter\Debug\Exceptions->errorHandler(2, 'Undefined variable $poster', 'APPPATH\\Views\\postes\\viewPosting.php', 17)
 2 SYSTEMPATH\View\View.php(213): include('APPPATH\\Views\\postes\\viewPosting.php')
 3 SYSTEMPATH\View\View.php(216): CodeIgniter\View\View->CodeIgniter\View\{closure}()
 4 SYSTEMPATH\Common.php(1184): CodeIgniter\View\View->render('postes/viewposting', [], true)
 5 APPPATH\Controllers\Auth.php(33): view('postes/viewposting', [...])
 6 SYSTEMPATH\CodeIgniter.php(934): App\Controllers\Auth->viewposting()
 7 SYSTEMPATH\CodeIgniter.php(499): CodeIgniter\CodeIgniter->runController(Object(App\Controllers\Auth))
 8 SYSTEMPATH\CodeIgniter.php(368): CodeIgniter\CodeIgniter->handleRequest(null, Object(Config\Cache), false)
 9 FCPATH\index.php(67): CodeIgniter\CodeIgniter->run()
10 SYSTEMPATH\Commands\Server\rewrite.php(47): require_once('FCPATH\\index.php')
CRITICAL - 2023-04-14 17:13:41 --> Undefined variable $poster
in APPPATH\Views\postes\viewPosting.php on line 17.
 1 APPPATH\Views\postes\viewPosting.php(17): CodeIgniter\Debug\Exceptions->errorHandler(2, 'Undefined variable $poster', 'APPPATH\\Views\\postes\\viewPosting.php', 17)
 2 SYSTEMPATH\View\View.php(213): include('APPPATH\\Views\\postes\\viewPosting.php')
 3 SYSTEMPATH\View\View.php(216): CodeIgniter\View\View->CodeIgniter\View\{closure}()
 4 SYSTEMPATH\Common.php(1184): CodeIgniter\View\View->render('postes/viewposting', [], true)
 5 APPPATH\Controllers\Auth.php(33): view('postes/viewposting', [...])
 6 SYSTEMPATH\CodeIgniter.php(934): App\Controllers\Auth->viewposting()
 7 SYSTEMPATH\CodeIgniter.php(499): CodeIgniter\CodeIgniter->runController(Object(App\Controllers\Auth))
 8 SYSTEMPATH\CodeIgniter.php(368): CodeIgniter\CodeIgniter->handleRequest(null, Object(Config\Cache), false)
 9 FCPATH\index.php(67): CodeIgniter\CodeIgniter->run()
10 SYSTEMPATH\Commands\Server\rewrite.php(47): require_once('FCPATH\\index.php')
CRITICAL - 2023-04-14 17:13:41 --> Undefined variable $poster
in APPPATH\Views\postes\viewPosting.php on line 17.
 1 APPPATH\Views\postes\viewPosting.php(17): CodeIgniter\Debug\Exceptions->errorHandler(2, 'Undefined variable $poster', 'APPPATH\\Views\\postes\\viewPosting.php', 17)
 2 SYSTEMPATH\View\View.php(213): include('APPPATH\\Views\\postes\\viewPosting.php')
 3 SYSTEMPATH\View\View.php(216): CodeIgniter\View\View->CodeIgniter\View\{closure}()
 4 SYSTEMPATH\Common.php(1184): CodeIgniter\View\View->render('postes/viewposting', [], true)
 5 APPPATH\Controllers\Auth.php(33): view('postes/viewposting', [...])
 6 SYSTEMPATH\CodeIgniter.php(934): App\Controllers\Auth->viewposting()
 7 SYSTEMPATH\CodeIgniter.php(499): CodeIgniter\CodeIgniter->runController(Object(App\Controllers\Auth))
 8 SYSTEMPATH\CodeIgniter.php(368): CodeIgniter\CodeIgniter->handleRequest(null, Object(Config\Cache), false)
 9 FCPATH\index.php(67): CodeIgniter\CodeIgniter->run()
10 SYSTEMPATH\Commands\Server\rewrite.php(47): require_once('FCPATH\\index.php')
CRITICAL - 2023-04-14 17:13:42 --> Undefined variable $poster
in APPPATH\Views\postes\viewPosting.php on line 17.
 1 APPPATH\Views\postes\viewPosting.php(17): CodeIgniter\Debug\Exceptions->errorHandler(2, 'Undefined variable $poster', 'APPPATH\\Views\\postes\\viewPosting.php', 17)
 2 SYSTEMPATH\View\View.php(213): include('APPPATH\\Views\\postes\\viewPosting.php')
 3 SYSTEMPATH\View\View.php(216): CodeIgniter\View\View->CodeIgniter\View\{closure}()
 4 SYSTEMPATH\Common.php(1184): CodeIgniter\View\View->render('postes/viewposting', [], true)
 5 APPPATH\Controllers\Auth.php(33): view('postes/viewposting', [...])
 6 SYSTEMPATH\CodeIgniter.php(934): App\Controllers\Auth->viewposting()
 7 SYSTEMPATH\CodeIgniter.php(499): CodeIgniter\CodeIgniter->runController(Object(App\Controllers\Auth))
 8 SYSTEMPATH\CodeIgniter.php(368): CodeIgniter\CodeIgniter->handleRequest(null, Object(Config\Cache), false)
 9 FCPATH\index.php(67): CodeIgniter\CodeIgniter->run()
10 SYSTEMPATH\Commands\Server\rewrite.php(47): require_once('FCPATH\\index.php')
INFO - 2023-04-14 17:13:42 --> Session: Class initialized using 'CodeIgniter\Session\Handlers\FileHandler' driver.
CRITICAL - 2023-04-14 17:13:45 --> Undefined variable $poster
in APPPATH\Views\postes\viewPosting.php on line 17.
 1 APPPATH\Views\postes\viewPosting.php(17): CodeIgniter\Debug\Exceptions->errorHandler(2, 'Undefined variable $poster', 'APPPATH\\Views\\postes\\viewPosting.php', 17)
 2 SYSTEMPATH\View\View.php(213): include('APPPATH\\Views\\postes\\viewPosting.php')
 3 SYSTEMPATH\View\View.php(216): CodeIgniter\View\View->CodeIgniter\View\{closure}()
 4 SYSTEMPATH\Common.php(1184): CodeIgniter\View\View->render('postes/viewposting', [], true)
 5 APPPATH\Controllers\Auth.php(33): view('postes/viewposting', [...])
 6 SYSTEMPATH\CodeIgniter.php(934): App\Controllers\Auth->viewposting()
 7 SYSTEMPATH\CodeIgniter.php(499): CodeIgniter\CodeIgniter->runController(Object(App\Controllers\Auth))
 8 SYSTEMPATH\CodeIgniter.php(368): CodeIgniter\CodeIgniter->handleRequest(null, Object(Config\Cache), false)
 9 FCPATH\index.php(67): CodeIgniter\CodeIgniter->run()
10 SYSTEMPATH\Commands\Server\rewrite.php(47): require_once('FCPATH\\index.php')
CRITICAL - 2023-04-14 17:14:05 --> Undefined variable $poster
in APPPATH\Views\postes\viewPosting.php on line 17.
 1 APPPATH\Views\postes\viewPosting.php(17): CodeIgniter\Debug\Exceptions->errorHandler(2, 'Undefined variable $poster', 'APPPATH\\Views\\postes\\viewPosting.php', 17)
 2 SYSTEMPATH\View\View.php(213): include('APPPATH\\Views\\postes\\viewPosting.php')
 3 SYSTEMPATH\View\View.php(216): CodeIgniter\View\View->CodeIgniter\View\{closure}()
 4 SYSTEMPATH\Common.php(1184): CodeIgniter\View\View->render('postes/viewposting', [], true)
 5 APPPATH\Controllers\Auth.php(33): view('postes/viewposting', [...])
 6 SYSTEMPATH\CodeIgniter.php(934): App\Controllers\Auth->viewposting()
 7 SYSTEMPATH\CodeIgniter.php(499): CodeIgniter\CodeIgniter->runController(Object(App\Controllers\Auth))
 8 SYSTEMPATH\CodeIgniter.php(368): CodeIgniter\CodeIgniter->handleRequest(null, Object(Config\Cache), false)
 9 FCPATH\index.php(67): CodeIgniter\CodeIgniter->run()
10 SYSTEMPATH\Commands\Server\rewrite.php(47): require_once('FCPATH\\index.php')
CRITICAL - 2023-04-14 17:15:49 --> Undefined variable $poster
in APPPATH\Views\postes\viewPosting.php on line 17.
 1 APPPATH\Views\postes\viewPosting.php(17): CodeIgniter\Debug\Exceptions->errorHandler(2, 'Undefined variable $poster', 'APPPATH\\Views\\postes\\viewPosting.php', 17)
 2 SYSTEMPATH\View\View.php(213): include('APPPATH\\Views\\postes\\viewPosting.php')
 3 SYSTEMPATH\View\View.php(216): CodeIgniter\View\View->CodeIgniter\View\{closure}()
 4 SYSTEMPATH\Common.php(1184): CodeIgniter\View\View->render('postes/viewposting', [], true)
 5 APPPATH\Controllers\Auth.php(47): view('postes/viewposting', [...])
 6 SYSTEMPATH\CodeIgniter.php(934): App\Controllers\Auth->viewposting()
 7 SYSTEMPATH\CodeIgniter.php(499): CodeIgniter\CodeIgniter->runController(Object(App\Controllers\Auth))
 8 SYSTEMPATH\CodeIgniter.php(368): CodeIgniter\CodeIgniter->handleRequest(null, Object(Config\Cache), false)
 9 FCPATH\index.php(67): CodeIgniter\CodeIgniter->run()
10 SYSTEMPATH\Commands\Server\rewrite.php(47): require_once('FCPATH\\index.php')
CRITICAL - 2023-04-14 17:15:50 --> Undefined variable $poster
in APPPATH\Views\postes\viewPosting.php on line 17.
 1 APPPATH\Views\postes\viewPosting.php(17): CodeIgniter\Debug\Exceptions->errorHandler(2, 'Undefined variable $poster', 'APPPATH\\Views\\postes\\viewPosting.php', 17)
 2 SYSTEMPATH\View\View.php(213): include('APPPATH\\Views\\postes\\viewPosting.php')
 3 SYSTEMPATH\View\View.php(216): CodeIgniter\View\View->CodeIgniter\View\{closure}()
 4 SYSTEMPATH\Common.php(1184): CodeIgniter\View\View->render('postes/viewposting', [], true)
 5 APPPATH\Controllers\Auth.php(47): view('postes/viewposting', [...])
 6 SYSTEMPATH\CodeIgniter.php(934): App\Controllers\Auth->viewposting()
 7 SYSTEMPATH\CodeIgniter.php(499): CodeIgniter\CodeIgniter->runController(Object(App\Controllers\Auth))
 8 SYSTEMPATH\CodeIgniter.php(368): CodeIgniter\CodeIgniter->handleRequest(null, Object(Config\Cache), false)
 9 FCPATH\index.php(67): CodeIgniter\CodeIgniter->run()
10 SYSTEMPATH\Commands\Server\rewrite.php(47): require_once('FCPATH\\index.php')
INFO - 2023-04-14 17:15:51 --> Session: Class initialized using 'CodeIgniter\Session\Handlers\FileHandler' driver.
INFO - 2023-04-14 17:15:52 --> Session: Class initialized using 'CodeIgniter\Session\Handlers\FileHandler' driver.
CRITICAL - 2023-04-14 17:16:03 --> Undefined variable $poster
in APPPATH\Views\postes\viewPosting.php on line 17.
 1 APPPATH\Views\postes\viewPosting.php(17): CodeIgniter\Debug\Exceptions->errorHandler(2, 'Undefined variable $poster', 'APPPATH\\Views\\postes\\viewPosting.php', 17)
 2 SYSTEMPATH\View\View.php(213): include('APPPATH\\Views\\postes\\viewPosting.php')
 3 SYSTEMPATH\View\View.php(216): CodeIgniter\View\View->CodeIgniter\View\{closure}()
 4 SYSTEMPATH\Common.php(1184): CodeIgniter\View\View->render('postes/viewposting', [], true)
 5 APPPATH\Controllers\Auth.php(47): view('postes/viewposting', [...])
 6 SYSTEMPATH\CodeIgniter.php(934): App\Controllers\Auth->viewposting()
 7 SYSTEMPATH\CodeIgniter.php(499): CodeIgniter\CodeIgniter->runController(Object(App\Controllers\Auth))
 8 SYSTEMPATH\CodeIgniter.php(368): CodeIgniter\CodeIgniter->handleRequest(null, Object(Config\Cache), false)
 9 FCPATH\index.php(67): CodeIgniter\CodeIgniter->run()
10 SYSTEMPATH\Commands\Server\rewrite.php(47): require_once('FCPATH\\index.php')
CRITICAL - 2023-04-14 17:41:13 --> Undefined variable $poster
in APPPATH\Views\postes\viewPosting.php on line 17.
 1 APPPATH\Views\postes\viewPosting.php(17): CodeIgniter\Debug\Exceptions->errorHandler(2, 'Undefined variable $poster', 'APPPATH\\Views\\postes\\viewPosting.php', 17)
 2 SYSTEMPATH\View\View.php(213): include('APPPATH\\Views\\postes\\viewPosting.php')
 3 SYSTEMPATH\View\View.php(216): CodeIgniter\View\View->CodeIgniter\View\{closure}()
 4 SYSTEMPATH\Common.php(1184): CodeIgniter\View\View->render('postes/viewposting', [], true)
 5 APPPATH\Controllers\Auth.php(33): view('postes/viewposting', [...])
 6 SYSTEMPATH\CodeIgniter.php(934): App\Controllers\Auth->viewposting()
 7 SYSTEMPATH\CodeIgniter.php(499): CodeIgniter\CodeIgniter->runController(Object(App\Controllers\Auth))
 8 SYSTEMPATH\CodeIgniter.php(368): CodeIgniter\CodeIgniter->handleRequest(null, Object(Config\Cache), false)
 9 FCPATH\index.php(67): CodeIgniter\CodeIgniter->run()
10 SYSTEMPATH\Commands\Server\rewrite.php(47): require_once('FCPATH\\index.php')
CRITICAL - 2023-04-14 17:41:15 --> Undefined variable $poster
in APPPATH\Views\postes\viewPosting.php on line 17.
 1 APPPATH\Views\postes\viewPosting.php(17): CodeIgniter\Debug\Exceptions->errorHandler(2, 'Undefined variable $poster', 'APPPATH\\Views\\postes\\viewPosting.php', 17)
 2 SYSTEMPATH\View\View.php(213): include('APPPATH\\Views\\postes\\viewPosting.php')
 3 SYSTEMPATH\View\View.php(216): CodeIgniter\View\View->CodeIgniter\View\{closure}()
 4 SYSTEMPATH\Common.php(1184): CodeIgniter\View\View->render('postes/viewposting', [], true)
 5 APPPATH\Controllers\Auth.php(33): view('postes/viewposting', [...])
 6 SYSTEMPATH\CodeIgniter.php(934): App\Controllers\Auth->viewposting()
 7 SYSTEMPATH\CodeIgniter.php(499): CodeIgniter\CodeIgniter->runController(Object(App\Controllers\Auth))
 8 SYSTEMPATH\CodeIgniter.php(368): CodeIgniter\CodeIgniter->handleRequest(null, Object(Config\Cache), false)
 9 FCPATH\index.php(67): CodeIgniter\CodeIgniter->run()
10 SYSTEMPATH\Commands\Server\rewrite.php(47): require_once('FCPATH\\index.php')
CRITICAL - 2023-04-14 17:42:14 --> Undefined variable $query
in APPPATH\Views\postes\viewPosting.php on line 17.
 1 APPPATH\Views\postes\viewPosting.php(17): CodeIgniter\Debug\Exceptions->errorHandler(2, 'Undefined variable $query', 'APPPATH\\Views\\postes\\viewPosting.php', 17)
 2 SYSTEMPATH\View\View.php(213): include('APPPATH\\Views\\postes\\viewPosting.php')
 3 SYSTEMPATH\View\View.php(216): CodeIgniter\View\View->CodeIgniter\View\{closure}()
 4 SYSTEMPATH\Common.php(1184): CodeIgniter\View\View->render('postes/viewposting', [], true)
 5 APPPATH\Controllers\Auth.php(33): view('postes/viewposting', [...])
 6 SYSTEMPATH\CodeIgniter.php(934): App\Controllers\Auth->viewposting()
 7 SYSTEMPATH\CodeIgniter.php(499): CodeIgniter\CodeIgniter->runController(Object(App\Controllers\Auth))
 8 SYSTEMPATH\CodeIgniter.php(368): CodeIgniter\CodeIgniter->handleRequest(null, Object(Config\Cache), false)
 9 FCPATH\index.php(67): CodeIgniter\CodeIgniter->run()
10 SYSTEMPATH\Commands\Server\rewrite.php(47): require_once('FCPATH\\index.php')
CRITICAL - 2023-04-14 17:42:15 --> Undefined variable $query
in APPPATH\Views\postes\viewPosting.php on line 17.
 1 APPPATH\Views\postes\viewPosting.php(17): CodeIgniter\Debug\Exceptions->errorHandler(2, 'Undefined variable $query', 'APPPATH\\Views\\postes\\viewPosting.php', 17)
 2 SYSTEMPATH\View\View.php(213): include('APPPATH\\Views\\postes\\viewPosting.php')
 3 SYSTEMPATH\View\View.php(216): CodeIgniter\View\View->CodeIgniter\View\{closure}()
 4 SYSTEMPATH\Common.php(1184): CodeIgniter\View\View->render('postes/viewposting', [], true)
 5 APPPATH\Controllers\Auth.php(33): view('postes/viewposting', [...])
 6 SYSTEMPATH\CodeIgniter.php(934): App\Controllers\Auth->viewposting()
 7 SYSTEMPATH\CodeIgniter.php(499): CodeIgniter\CodeIgniter->runController(Object(App\Controllers\Auth))
 8 SYSTEMPATH\CodeIgniter.php(368): CodeIgniter\CodeIgniter->handleRequest(null, Object(Config\Cache), false)
 9 FCPATH\index.php(67): CodeIgniter\CodeIgniter->run()
10 SYSTEMPATH\Commands\Server\rewrite.php(47): require_once('FCPATH\\index.php')
CRITICAL - 2023-04-14 17:48:02 --> Undefined variable $query
in APPPATH\Views\postes\viewPosting.php on line 17.
 1 APPPATH\Views\postes\viewPosting.php(17): CodeIgniter\Debug\Exceptions->errorHandler(2, 'Undefined variable $query', 'APPPATH\\Views\\postes\\viewPosting.php', 17)
 2 SYSTEMPATH\View\View.php(213): include('APPPATH\\Views\\postes\\viewPosting.php')
 3 SYSTEMPATH\View\View.php(216): CodeIgniter\View\View->CodeIgniter\View\{closure}()
 4 SYSTEMPATH\Common.php(1184): CodeIgniter\View\View->render('postes/viewposting', [], true)
 5 APPPATH\Controllers\Auth.php(33): view('postes/viewposting', [...])
 6 SYSTEMPATH\CodeIgniter.php(934): App\Controllers\Auth->viewposting()
 7 SYSTEMPATH\CodeIgniter.php(499): CodeIgniter\CodeIgniter->runController(Object(App\Controllers\Auth))
 8 SYSTEMPATH\CodeIgniter.php(368): CodeIgniter\CodeIgniter->handleRequest(null, Object(Config\Cache), false)
 9 FCPATH\index.php(67): CodeIgniter\CodeIgniter->run()
10 SYSTEMPATH\Commands\Server\rewrite.php(47): require_once('FCPATH\\index.php')
CRITICAL - 2023-04-14 17:48:02 --> Undefined variable $query
in APPPATH\Views\postes\viewPosting.php on line 17.
 1 APPPATH\Views\postes\viewPosting.php(17): CodeIgniter\Debug\Exceptions->errorHandler(2, 'Undefined variable $query', 'APPPATH\\Views\\postes\\viewPosting.php', 17)
 2 SYSTEMPATH\View\View.php(213): include('APPPATH\\Views\\postes\\viewPosting.php')
 3 SYSTEMPATH\View\View.php(216): CodeIgniter\View\View->CodeIgniter\View\{closure}()
 4 SYSTEMPATH\Common.php(1184): CodeIgniter\View\View->render('postes/viewposting', [], true)
 5 APPPATH\Controllers\Auth.php(33): view('postes/viewposting', [...])
 6 SYSTEMPATH\CodeIgniter.php(934): App\Controllers\Auth->viewposting()
 7 SYSTEMPATH\CodeIgniter.php(499): CodeIgniter\CodeIgniter->runController(Object(App\Controllers\Auth))
 8 SYSTEMPATH\CodeIgniter.php(368): CodeIgniter\CodeIgniter->handleRequest(null, Object(Config\Cache), false)
 9 FCPATH\index.php(67): CodeIgniter\CodeIgniter->run()
10 SYSTEMPATH\Commands\Server\rewrite.php(47): require_once('FCPATH\\index.php')
CRITICAL - 2023-04-14 17:48:17 --> Undefined variable $query
in APPPATH\Views\postes\viewPosting.php on line 17.
 1 APPPATH\Views\postes\viewPosting.php(17): CodeIgniter\Debug\Exceptions->errorHandler(2, 'Undefined variable $query', 'APPPATH\\Views\\postes\\viewPosting.php', 17)
 2 SYSTEMPATH\View\View.php(213): include('APPPATH\\Views\\postes\\viewPosting.php')
 3 SYSTEMPATH\View\View.php(216): CodeIgniter\View\View->CodeIgniter\View\{closure}()
 4 SYSTEMPATH\Common.php(1184): CodeIgniter\View\View->render('postes/viewposting', [], true)
 5 APPPATH\Controllers\Auth.php(32): view('postes/viewposting')
 6 SYSTEMPATH\CodeIgniter.php(934): App\Controllers\Auth->viewposting()
 7 SYSTEMPATH\CodeIgniter.php(499): CodeIgniter\CodeIgniter->runController(Object(App\Controllers\Auth))
 8 SYSTEMPATH\CodeIgniter.php(368): CodeIgniter\CodeIgniter->handleRequest(null, Object(Config\Cache), false)
 9 FCPATH\index.php(67): CodeIgniter\CodeIgniter->run()
10 SYSTEMPATH\Commands\Server\rewrite.php(47): require_once('FCPATH\\index.php')
CRITICAL - 2023-04-14 17:48:18 --> Undefined variable $query
in APPPATH\Views\postes\viewPosting.php on line 17.
 1 APPPATH\Views\postes\viewPosting.php(17): CodeIgniter\Debug\Exceptions->errorHandler(2, 'Undefined variable $query', 'APPPATH\\Views\\postes\\viewPosting.php', 17)
 2 SYSTEMPATH\View\View.php(213): include('APPPATH\\Views\\postes\\viewPosting.php')
 3 SYSTEMPATH\View\View.php(216): CodeIgniter\View\View->CodeIgniter\View\{closure}()
 4 SYSTEMPATH\Common.php(1184): CodeIgniter\View\View->render('postes/viewposting', [], true)
 5 APPPATH\Controllers\Auth.php(32): view('postes/viewposting')
 6 SYSTEMPATH\CodeIgniter.php(934): App\Controllers\Auth->viewposting()
 7 SYSTEMPATH\CodeIgniter.php(499): CodeIgniter\CodeIgniter->runController(Object(App\Controllers\Auth))
 8 SYSTEMPATH\CodeIgniter.php(368): CodeIgniter\CodeIgniter->handleRequest(null, Object(Config\Cache), false)
 9 FCPATH\index.php(67): CodeIgniter\CodeIgniter->run()
10 SYSTEMPATH\Commands\Server\rewrite.php(47): require_once('FCPATH\\index.php')
CRITICAL - 2023-04-14 17:48:18 --> Undefined variable $query
in APPPATH\Views\postes\viewPosting.php on line 17.
 1 APPPATH\Views\postes\viewPosting.php(17): CodeIgniter\Debug\Exceptions->errorHandler(2, 'Undefined variable $query', 'APPPATH\\Views\\postes\\viewPosting.php', 17)
 2 SYSTEMPATH\View\View.php(213): include('APPPATH\\Views\\postes\\viewPosting.php')
 3 SYSTEMPATH\View\View.php(216): CodeIgniter\View\View->CodeIgniter\View\{closure}()
 4 SYSTEMPATH\Common.php(1184): CodeIgniter\View\View->render('postes/viewposting', [], true)
 5 APPPATH\Controllers\Auth.php(32): view('postes/viewposting')
 6 SYSTEMPATH\CodeIgniter.php(934): App\Controllers\Auth->viewposting()
 7 SYSTEMPATH\CodeIgniter.php(499): CodeIgniter\CodeIgniter->runController(Object(App\Controllers\Auth))
 8 SYSTEMPATH\CodeIgniter.php(368): CodeIgniter\CodeIgniter->handleRequest(null, Object(Config\Cache), false)
 9 FCPATH\index.php(67): CodeIgniter\CodeIgniter->run()
10 SYSTEMPATH\Commands\Server\rewrite.php(47): require_once('FCPATH\\index.php')
CRITICAL - 2023-04-14 17:48:59 --> Undefined variable $poster
in APPPATH\Views\postes\viewPosting.php on line 17.
 1 APPPATH\Views\postes\viewPosting.php(17): CodeIgniter\Debug\Exceptions->errorHandler(2, 'Undefined variable $poster', 'APPPATH\\Views\\postes\\viewPosting.php', 17)
 2 SYSTEMPATH\View\View.php(213): include('APPPATH\\Views\\postes\\viewPosting.php')
 3 SYSTEMPATH\View\View.php(216): CodeIgniter\View\View->CodeIgniter\View\{closure}()
 4 SYSTEMPATH\Common.php(1184): CodeIgniter\View\View->render('postes/viewposting', [], true)
 5 APPPATH\Controllers\Auth.php(33): view('postes/viewposting', [...])
 6 SYSTEMPATH\CodeIgniter.php(934): App\Controllers\Auth->viewposting()
 7 SYSTEMPATH\CodeIgniter.php(499): CodeIgniter\CodeIgniter->runController(Object(App\Controllers\Auth))
 8 SYSTEMPATH\CodeIgniter.php(368): CodeIgniter\CodeIgniter->handleRequest(null, Object(Config\Cache), false)
 9 FCPATH\index.php(67): CodeIgniter\CodeIgniter->run()
10 SYSTEMPATH\Commands\Server\rewrite.php(47): require_once('FCPATH\\index.php')
CRITICAL - 2023-04-14 17:49:00 --> Undefined variable $poster
in APPPATH\Views\postes\viewPosting.php on line 17.
 1 APPPATH\Views\postes\viewPosting.php(17): CodeIgniter\Debug\Exceptions->errorHandler(2, 'Undefined variable $poster', 'APPPATH\\Views\\postes\\viewPosting.php', 17)
 2 SYSTEMPATH\View\View.php(213): include('APPPATH\\Views\\postes\\viewPosting.php')
 3 SYSTEMPATH\View\View.php(216): CodeIgniter\View\View->CodeIgniter\View\{closure}()
 4 SYSTEMPATH\Common.php(1184): CodeIgniter\View\View->render('postes/viewposting', [], true)
 5 APPPATH\Controllers\Auth.php(33): view('postes/viewposting', [...])
 6 SYSTEMPATH\CodeIgniter.php(934): App\Controllers\Auth->viewposting()
 7 SYSTEMPATH\CodeIgniter.php(499): CodeIgniter\CodeIgniter->runController(Object(App\Controllers\Auth))
 8 SYSTEMPATH\CodeIgniter.php(368): CodeIgniter\CodeIgniter->handleRequest(null, Object(Config\Cache), false)
 9 FCPATH\index.php(67): CodeIgniter\CodeIgniter->run()
10 SYSTEMPATH\Commands\Server\rewrite.php(47): require_once('FCPATH\\index.php')
CRITICAL - 2023-04-14 17:50:43 --> Undefined variable $poster
in APPPATH\Views\postes\viewPosting.php on line 17.
 1 APPPATH\Views\postes\viewPosting.php(17): CodeIgniter\Debug\Exceptions->errorHandler(2, 'Undefined variable $poster', 'APPPATH\\Views\\postes\\viewPosting.php', 17)
 2 SYSTEMPATH\View\View.php(213): include('APPPATH\\Views\\postes\\viewPosting.php')
 3 SYSTEMPATH\View\View.php(216): CodeIgniter\View\View->CodeIgniter\View\{closure}()
 4 SYSTEMPATH\Common.php(1184): CodeIgniter\View\View->render('postes/viewposting', [], true)
 5 APPPATH\Controllers\Auth.php(33): view('postes/viewposting', [...])
 6 SYSTEMPATH\CodeIgniter.php(934): App\Controllers\Auth->viewposting()
 7 SYSTEMPATH\CodeIgniter.php(499): CodeIgniter\CodeIgniter->runController(Object(App\Controllers\Auth))
 8 SYSTEMPATH\CodeIgniter.php(368): CodeIgniter\CodeIgniter->handleRequest(null, Object(Config\Cache), false)
 9 FCPATH\index.php(67): CodeIgniter\CodeIgniter->run()
10 SYSTEMPATH\Commands\Server\rewrite.php(47): require_once('FCPATH\\index.php')
CRITICAL - 2023-04-14 17:50:50 --> Undefined variable $poster
in APPPATH\Views\postes\viewPosting.php on line 17.
 1 APPPATH\Views\postes\viewPosting.php(17): CodeIgniter\Debug\Exceptions->errorHandler(2, 'Undefined variable $poster', 'APPPATH\\Views\\postes\\viewPosting.php', 17)
 2 SYSTEMPATH\View\View.php(213): include('APPPATH\\Views\\postes\\viewPosting.php')
 3 SYSTEMPATH\View\View.php(216): CodeIgniter\View\View->CodeIgniter\View\{closure}()
 4 SYSTEMPATH\Common.php(1184): CodeIgniter\View\View->render('postes/viewposting', [], true)
 5 APPPATH\Controllers\Auth.php(33): view('postes/viewposting', [...])
 6 SYSTEMPATH\CodeIgniter.php(934): App\Controllers\Auth->viewposting()
 7 SYSTEMPATH\CodeIgniter.php(499): CodeIgniter\CodeIgniter->runController(Object(App\Controllers\Auth))
 8 SYSTEMPATH\CodeIgniter.php(368): CodeIgniter\CodeIgniter->handleRequest(null, Object(Config\Cache), false)
 9 FCPATH\index.php(67): CodeIgniter\CodeIgniter->run()
10 SYSTEMPATH\Commands\Server\rewrite.php(47): require_once('FCPATH\\index.php')
CRITICAL - 2023-04-14 17:50:50 --> Undefined variable $poster
in APPPATH\Views\postes\viewPosting.php on line 17.
 1 APPPATH\Views\postes\viewPosting.php(17): CodeIgniter\Debug\Exceptions->errorHandler(2, 'Undefined variable $poster', 'APPPATH\\Views\\postes\\viewPosting.php', 17)
 2 SYSTEMPATH\View\View.php(213): include('APPPATH\\Views\\postes\\viewPosting.php')
 3 SYSTEMPATH\View\View.php(216): CodeIgniter\View\View->CodeIgniter\View\{closure}()
 4 SYSTEMPATH\Common.php(1184): CodeIgniter\View\View->render('postes/viewposting', [], true)
 5 APPPATH\Controllers\Auth.php(33): view('postes/viewposting', [...])
 6 SYSTEMPATH\CodeIgniter.php(934): App\Controllers\Auth->viewposting()
 7 SYSTEMPATH\CodeIgniter.php(499): CodeIgniter\CodeIgniter->runController(Object(App\Controllers\Auth))
 8 SYSTEMPATH\CodeIgniter.php(368): CodeIgniter\CodeIgniter->handleRequest(null, Object(Config\Cache), false)
 9 FCPATH\index.php(67): CodeIgniter\CodeIgniter->run()
10 SYSTEMPATH\Commands\Server\rewrite.php(47): require_once('FCPATH\\index.php')
CRITICAL - 2023-04-14 17:50:50 --> Undefined variable $poster
in APPPATH\Views\postes\viewPosting.php on line 17.
 1 APPPATH\Views\postes\viewPosting.php(17): CodeIgniter\Debug\Exceptions->errorHandler(2, 'Undefined variable $poster', 'APPPATH\\Views\\postes\\viewPosting.php', 17)
 2 SYSTEMPATH\View\View.php(213): include('APPPATH\\Views\\postes\\viewPosting.php')
 3 SYSTEMPATH\View\View.php(216): CodeIgniter\View\View->CodeIgniter\View\{closure}()
 4 SYSTEMPATH\Common.php(1184): CodeIgniter\View\View->render('postes/viewposting', [], true)
 5 APPPATH\Controllers\Auth.php(33): view('postes/viewposting', [...])
 6 SYSTEMPATH\CodeIgniter.php(934): App\Controllers\Auth->viewposting()
 7 SYSTEMPATH\CodeIgniter.php(499): CodeIgniter\CodeIgniter->runController(Object(App\Controllers\Auth))
 8 SYSTEMPATH\CodeIgniter.php(368): CodeIgniter\CodeIgniter->handleRequest(null, Object(Config\Cache), false)
 9 FCPATH\index.php(67): CodeIgniter\CodeIgniter->run()
10 SYSTEMPATH\Commands\Server\rewrite.php(47): require_once('FCPATH\\index.php')
CRITICAL - 2023-04-14 17:55:15 --> Undefined variable $poster
in APPPATH\Views\postes\viewPosting.php on line 17.
 1 APPPATH\Views\postes\viewPosting.php(17): CodeIgniter\Debug\Exceptions->errorHandler(2, 'Undefined variable $poster', 'APPPATH\\Views\\postes\\viewPosting.php', 17)
 2 SYSTEMPATH\View\View.php(213): include('APPPATH\\Views\\postes\\viewPosting.php')
 3 SYSTEMPATH\View\View.php(216): CodeIgniter\View\View->CodeIgniter\View\{closure}()
 4 SYSTEMPATH\Common.php(1184): CodeIgniter\View\View->render('postes/viewposting', [], true)
 5 APPPATH\Controllers\Auth.php(33): view('postes/viewposting', [...])
 6 SYSTEMPATH\CodeIgniter.php(934): App\Controllers\Auth->viewposting()
 7 SYSTEMPATH\CodeIgniter.php(499): CodeIgniter\CodeIgniter->runController(Object(App\Controllers\Auth))
 8 SYSTEMPATH\CodeIgniter.php(368): CodeIgniter\CodeIgniter->handleRequest(null, Object(Config\Cache), false)
 9 FCPATH\index.php(67): CodeIgniter\CodeIgniter->run()
10 SYSTEMPATH\Commands\Server\rewrite.php(47): require_once('FCPATH\\index.php')
INFO - 2023-04-14 18:15:08 --> Session: Class initialized using 'CodeIgniter\Session\Handlers\FileHandler' driver.
CRITICAL - 2023-04-14 18:15:16 --> Undefined variable $poster
in APPPATH\Views\postes\viewPosting.php on line 17.
 1 APPPATH\Views\postes\viewPosting.php(17): CodeIgniter\Debug\Exceptions->errorHandler(2, 'Undefined variable $poster', 'APPPATH\\Views\\postes\\viewPosting.php', 17)
 2 SYSTEMPATH\View\View.php(213): include('APPPATH\\Views\\postes\\viewPosting.php')
 3 SYSTEMPATH\View\View.php(216): CodeIgniter\View\View->CodeIgniter\View\{closure}()
 4 SYSTEMPATH\Common.php(1184): CodeIgniter\View\View->render('postes/viewposting', [], true)
 5 APPPATH\Controllers\Auth.php(33): view('postes/viewposting', [...])
 6 SYSTEMPATH\CodeIgniter.php(934): App\Controllers\Auth->viewposting()
 7 SYSTEMPATH\CodeIgniter.php(499): CodeIgniter\CodeIgniter->runController(Object(App\Controllers\Auth))
 8 SYSTEMPATH\CodeIgniter.php(368): CodeIgniter\CodeIgniter->handleRequest(null, Object(Config\Cache), false)
 9 FCPATH\index.php(67): CodeIgniter\CodeIgniter->run()
10 SYSTEMPATH\Commands\Server\rewrite.php(47): require_once('FCPATH\\index.php')
CRITICAL - 2023-04-14 18:21:42 --> Undefined variable $item
in APPPATH\Views\postes\viewPosting.php on line 24.
 1 APPPATH\Views\postes\viewPosting.php(24): CodeIgniter\Debug\Exceptions->errorHandler(2, 'Undefined variable $item', 'APPPATH\\Views\\postes\\viewPosting.php', 24)
 2 SYSTEMPATH\View\View.php(213): include('APPPATH\\Views\\postes\\viewPosting.php')
 3 SYSTEMPATH\View\View.php(216): CodeIgniter\View\View->CodeIgniter\View\{closure}()
 4 SYSTEMPATH\Common.php(1184): CodeIgniter\View\View->render('postes/viewposting', [], true)
 5 APPPATH\Controllers\Auth.php(33): view('postes/viewposting', [...])
 6 SYSTEMPATH\CodeIgniter.php(934): App\Controllers\Auth->viewposting()
 7 SYSTEMPATH\CodeIgniter.php(499): CodeIgniter\CodeIgniter->runController(Object(App\Controllers\Auth))
 8 SYSTEMPATH\CodeIgniter.php(368): CodeIgniter\CodeIgniter->handleRequest(null, Object(Config\Cache), false)
 9 FCPATH\index.php(67): CodeIgniter\CodeIgniter->run()
10 SYSTEMPATH\Commands\Server\rewrite.php(47): require_once('FCPATH\\index.php')
CRITICAL - 2023-04-14 18:21:43 --> Undefined variable $item
in APPPATH\Views\postes\viewPosting.php on line 24.
 1 APPPATH\Views\postes\viewPosting.php(24): CodeIgniter\Debug\Exceptions->errorHandler(2, 'Undefined variable $item', 'APPPATH\\Views\\postes\\viewPosting.php', 24)
 2 SYSTEMPATH\View\View.php(213): include('APPPATH\\Views\\postes\\viewPosting.php')
 3 SYSTEMPATH\View\View.php(216): CodeIgniter\View\View->CodeIgniter\View\{closure}()
 4 SYSTEMPATH\Common.php(1184): CodeIgniter\View\View->render('postes/viewposting', [], true)
 5 APPPATH\Controllers\Auth.php(33): view('postes/viewposting', [...])
 6 SYSTEMPATH\CodeIgniter.php(934): App\Controllers\Auth->viewposting()
 7 SYSTEMPATH\CodeIgniter.php(499): CodeIgniter\CodeIgniter->runController(Object(App\Controllers\Auth))
 8 SYSTEMPATH\CodeIgniter.php(368): CodeIgniter\CodeIgniter->handleRequest(null, Object(Config\Cache), false)
 9 FCPATH\index.php(67): CodeIgniter\CodeIgniter->run()
10 SYSTEMPATH\Commands\Server\rewrite.php(47): require_once('FCPATH\\index.php')
CRITICAL - 2023-04-14 18:21:58 --> syntax error, unexpected end of file
in APPPATH\Views\postes\viewPosting.php on line 218.
 1 SYSTEMPATH\View\View.php(216): CodeIgniter\View\View->CodeIgniter\View\{closure}()
 2 SYSTEMPATH\Common.php(1184): CodeIgniter\View\View->render('postes/viewposting', [], true)
 3 APPPATH\Controllers\Auth.php(33): view('postes/viewposting', [...])
 4 SYSTEMPATH\CodeIgniter.php(934): App\Controllers\Auth->viewposting()
 5 SYSTEMPATH\CodeIgniter.php(499): CodeIgniter\CodeIgniter->runController(Object(App\Controllers\Auth))
 6 SYSTEMPATH\CodeIgniter.php(368): CodeIgniter\CodeIgniter->handleRequest(null, Object(Config\Cache), false)
 7 FCPATH\index.php(67): CodeIgniter\CodeIgniter->run()
 8 SYSTEMPATH\Commands\Server\rewrite.php(47): require_once('FCPATH\\index.php')
CRITICAL - 2023-04-14 18:22:33 --> Undefined variable $poster
in APPPATH\Views\postes\viewPosting.php on line 17.
 1 APPPATH\Views\postes\viewPosting.php(17): CodeIgniter\Debug\Exceptions->errorHandler(2, 'Undefined variable $poster', 'APPPATH\\Views\\postes\\viewPosting.php', 17)
 2 SYSTEMPATH\View\View.php(213): include('APPPATH\\Views\\postes\\viewPosting.php')
 3 SYSTEMPATH\View\View.php(216): CodeIgniter\View\View->CodeIgniter\View\{closure}()
 4 SYSTEMPATH\Common.php(1184): CodeIgniter\View\View->render('postes/viewposting', [], true)
 5 APPPATH\Controllers\Auth.php(33): view('postes/viewposting', [...])
 6 SYSTEMPATH\CodeIgniter.php(934): App\Controllers\Auth->viewposting()
 7 SYSTEMPATH\CodeIgniter.php(499): CodeIgniter\CodeIgniter->runController(Object(App\Controllers\Auth))
 8 SYSTEMPATH\CodeIgniter.php(368): CodeIgniter\CodeIgniter->handleRequest(null, Object(Config\Cache), false)
 9 FCPATH\index.php(67): CodeIgniter\CodeIgniter->run()
10 SYSTEMPATH\Commands\Server\rewrite.php(47): require_once('FCPATH\\index.php')
